#
# There is insufficient memory for the Java Runtime Environment to continue.
# Native memory allocation (malloc) failed to allocate 69136 bytes. Error detail: Chunk::new
# Possible reasons:
#   The system is out of physical RAM or swap space
#   This process is running with CompressedOops enabled, and the Java Heap may be blocking the growth of the native heap
# Possible solutions:
#   Reduce memory load on the system
#   Increase physical memory or swap space
#   Check if swap backing store is full
#   Decrease Java heap size (-Xmx/-Xms)
#   Decrease number of Java threads
#   Decrease Java thread stack sizes (-Xss)
#   Set larger code cache with -XX:ReservedCodeCacheSize=
#   JVM is running with Unscaled Compressed Oops mode in which the Java heap is
#     placed in the first 4GB address space. The Java Heap base address is the
#     maximum limit for the native heap growth. Please use -XX:HeapBaseMinAddress
#     to set the Java Heap base and to place the Java Heap above 4GB virtual address.
# This output file may be truncated or incomplete.
#
#  Out of Memory Error (arena.cpp:168), pid=15500, tid=11984
#
# JRE version: OpenJDK Runtime Environment Corretto-21.0.4.7.1 (21.0.4+7) (build 21.0.4+7-LTS)
# Java VM: OpenJDK 64-Bit Server VM Corretto-21.0.4.7.1 (21.0.4+7-LTS, mixed mode, sharing, tiered, compressed oops, compressed class ptrs, g1 gc, windows-amd64)
# No core dump will be written. Minidumps are not enabled by default on client versions of Windows
#

---------------  S U M M A R Y ------------

Command Line: -Dclassworlds.conf=C:\Users\Kadmiel\.m2\wrapper\dists\apache-maven-3.8.5-bin\5i5jha092a3i37g0paqnfr15e0\apache-maven-3.8.5\bin\m2.conf -Dmaven.home=C:\Users\Kadmiel\.m2\wrapper\dists\apache-maven-3.8.5-bin\5i5jha092a3i37g0paqnfr15e0\apache-maven-3.8.5 -Dlibrary.jansi.path=C:\Users\Kadmiel\.m2\wrapper\dists\apache-maven-3.8.5-bin\5i5jha092a3i37g0paqnfr15e0\apache-maven-3.8.5\lib\jansi-native -Dmaven.multiModuleProjectDirectory=C:\Users\Kadmiel\Downloads\TicketProjet(1)\GestionTicket org.codehaus.plexus.classworlds.launcher.Launcher clean package

Host: Intel(R) Core(TM) i5-7300U CPU @ 2.60GHz, 4 cores, 7G,  Windows 10 , 64 bit Build 19041 (10.0.19041.4597)
Time: Tue Aug 13 16:34:29 2024 E. Africa Standard Time elapsed time: 43.159162 seconds (0d 0h 0m 43s)

---------------  T H R E A D  ---------------

Current thread (0x000001d875ef82d0):  JavaThread "C2 CompilerThread0" daemon [_thread_in_native, id=11984, stack(0x000000721cc00000,0x000000721cd00000) (1024K)]


Current CompileTask:
C2:  43159 9091       4       java.io.WinNTFileSystem::resolve (326 bytes)

Stack: [0x000000721cc00000,0x000000721cd00000]
Native frames: (J=compiled Java code, j=interpreted, Vv=VM code, C=native code)
V  [jvm.dll+0x6d83d9]
V  [jvm.dll+0x8b39f3]
V  [jvm.dll+0x8b5d4e]
V  [jvm.dll+0x8b6433]
V  [jvm.dll+0x285816]
V  [jvm.dll+0xc608d]
V  [jvm.dll+0xc65c3]
V  [jvm.dll+0x3bf061]
V  [jvm.dll+0x1e4744]
V  [jvm.dll+0x24de04]
V  [jvm.dll+0x24d281]
V  [jvm.dll+0x1cbda4]
V  [jvm.dll+0x25c819]
V  [jvm.dll+0x25adcb]
V  [jvm.dll+0x3f9936]
V  [jvm.dll+0x85c768]
V  [jvm.dll+0x6d6bdd]
C  [ucrtbase.dll+0x21bb2]
C  [KERNEL32.DLL+0x17374]
C  [ntdll.dll+0x4cc91]


---------------  P R O C E S S  ---------------

Threads class SMR info:
_java_thread_list=0x000001d87a1610d0, length=17, elements={
0x000001d868b9e6d0, 0x000001d875ee9680, 0x000001d875eeb4a0, 0x000001d875ef3460,
0x000001d875ef4070, 0x000001d875ef4ad0, 0x000001d875ef5530, 0x000001d875ef82d0,
0x000001d875efb440, 0x000001d87a22b090, 0x000001d87a22cce0, 0x000001d87a52de30,
0x000001d87ba130d0, 0x000001d87af94470, 0x000001d87bcccbc0, 0x000001d87bccd230,
0x000001d87b393f00
}

Java Threads: ( => current thread )
  0x000001d868b9e6d0 JavaThread "main"                              [_thread_in_native, id=20436, stack(0x000000721be00000,0x000000721bf00000) (1024K)]
  0x000001d875ee9680 JavaThread "Reference Handler"          daemon [_thread_blocked, id=9712, stack(0x000000721c600000,0x000000721c700000) (1024K)]
  0x000001d875eeb4a0 JavaThread "Finalizer"                  daemon [_thread_blocked, id=18460, stack(0x000000721c700000,0x000000721c800000) (1024K)]
  0x000001d875ef3460 JavaThread "Signal Dispatcher"          daemon [_thread_blocked, id=7624, stack(0x000000721c800000,0x000000721c900000) (1024K)]
  0x000001d875ef4070 JavaThread "Attach Listener"            daemon [_thread_blocked, id=19796, stack(0x000000721c900000,0x000000721ca00000) (1024K)]
  0x000001d875ef4ad0 JavaThread "Service Thread"             daemon [_thread_blocked, id=23752, stack(0x000000721ca00000,0x000000721cb00000) (1024K)]
  0x000001d875ef5530 JavaThread "Monitor Deflation Thread"   daemon [_thread_blocked, id=25884, stack(0x000000721cb00000,0x000000721cc00000) (1024K)]
=>0x000001d875ef82d0 JavaThread "C2 CompilerThread0"         daemon [_thread_in_native, id=11984, stack(0x000000721cc00000,0x000000721cd00000) (1024K)]
  0x000001d875efb440 JavaThread "C1 CompilerThread0"         daemon [_thread_blocked, id=19416, stack(0x000000721cd00000,0x000000721ce00000) (1024K)]
  0x000001d87a22b090 JavaThread "Notification Thread"        daemon [_thread_blocked, id=22360, stack(0x000000721ce00000,0x000000721cf00000) (1024K)]
  0x000001d87a22cce0 JavaThread "Common-Cleaner"             daemon [_thread_blocked, id=11556, stack(0x000000721cf00000,0x000000721d000000) (1024K)]
  0x000001d87a52de30 JavaThread "timeout-check-timer"        daemon [_thread_blocked, id=20276, stack(0x000000721d300000,0x000000721d400000) (1024K)]
  0x000001d87ba130d0 JavaThread "ping-timer-10s"             daemon [_thread_blocked, id=6352, stack(0x000000721d400000,0x000000721d500000) (1024K)]
  0x000001d87af94470 JavaThread "ThreadedStreamConsumer"     daemon [_thread_blocked, id=20896, stack(0x000000721d500000,0x000000721d600000) (1024K)]
  0x000001d87bcccbc0 JavaThread "fork-1-err-thread"          daemon [_thread_in_native, id=15336, stack(0x000000721d600000,0x000000721d700000) (1024K)]
  0x000001d87bccd230 JavaThread "commands-fork-1"            daemon [_thread_blocked, id=2260, stack(0x000000721d700000,0x000000721d800000) (1024K)]
  0x000001d87b393f00 JavaThread "fork-1-event-thread"        daemon [_thread_in_native, id=26432, stack(0x000000721d800000,0x000000721d900000) (1024K)]
Total: 17

Other Threads:
  0x000001d875ec9500 VMThread "VM Thread"                           [id=23880, stack(0x000000721c500000,0x000000721c600000) (1024K)]
  0x000001d875eb3470 WatcherThread "VM Periodic Task Thread"        [id=17964, stack(0x000000721c400000,0x000000721c500000) (1024K)]
  0x000001d868bf8080 WorkerThread "GC Thread#0"                     [id=9320, stack(0x000000721bf00000,0x000000721c000000) (1024K)]
  0x000001d87ab3da50 WorkerThread "GC Thread#1"                     [id=9792, stack(0x000000721d000000,0x000000721d100000) (1024K)]
  0x000001d87ab3ddf0 WorkerThread "GC Thread#2"                     [id=23864, stack(0x000000721d100000,0x000000721d200000) (1024K)]
  0x000001d87a5da6d0 WorkerThread "GC Thread#3"                     [id=8712, stack(0x000000721d200000,0x000000721d300000) (1024K)]
  0x000001d868c08ca0 ConcurrentGCThread "G1 Main Marker"            [id=15904, stack(0x000000721c000000,0x000000721c100000) (1024K)]
  0x000001d868c09950 WorkerThread "G1 Conc#0"                       [id=21556, stack(0x000000721c100000,0x000000721c200000) (1024K)]
  0x000001d868c6e2d0 ConcurrentGCThread "G1 Refine#0"               [id=6104, stack(0x000000721c200000,0x000000721c300000) (1024K)]
  0x000001d875d74870 ConcurrentGCThread "G1 Service"                [id=3080, stack(0x000000721c300000,0x000000721c400000) (1024K)]
Total: 10

Threads with active compile tasks:
C2 CompilerThread0    43249 9091       4       java.io.WinNTFileSystem::resolve (326 bytes)
Total: 1

VM state: not at safepoint (normal execution)

VM Mutex/Monitor currently owned by a thread: None

Heap address: 0x0000000081e00000, size: 2018 MB, Compressed Oops mode: 32-bit

CDS archive(s) mapped at: [0x000001d80f000000-0x000001d80fc90000-0x000001d80fc90000), size 13172736, SharedBaseAddress: 0x000001d80f000000, ArchiveRelocationMode: 1.
Compressed class space mapped at: 0x000001d810000000-0x000001d850000000, reserved size: 1073741824
Narrow klass base: 0x000001d80f000000, Narrow klass shift: 0, Narrow klass range: 0x100000000

GC Precious Log:
 CardTable entry size: 512
 Card Set container configuration: InlinePtr #cards 5 size 8 Array Of Cards #cards 12 size 40 Howl #buckets 4 coarsen threshold 1843 Howl Bitmap #cards 512 size 80 coarsen threshold 460 Card regions per heap region 1 cards per card region 2048
 CPUs: 4 total, 4 available
 Memory: 8067M
 Large Page Support: Disabled
 NUMA Support: Disabled
 Compressed Oops: Enabled (32-bit)
 Heap Region Size: 1M
 Heap Min Capacity: 8M
 Heap Initial Capacity: 128M
 Heap Max Capacity: 2018M
 Pre-touch: Disabled
 Parallel Workers: 4
 Concurrent Workers: 1
 Concurrent Refinement Workers: 4
 Periodic GC: Disabled

Heap:
 garbage-first heap   total 143360K, used 119296K [0x0000000081e00000, 0x0000000100000000)
  region size 1024K, 40 young (40960K), 7 survivors (7168K)
 Metaspace       used 37317K, committed 37952K, reserved 1114112K
  class space    used 4174K, committed 4480K, reserved 1048576K

Heap Regions: E=young(eden), S=young(survivor), O=old, HS=humongous(starts), HC=humongous(continues), CS=collection set, F=free, TAMS=top-at-mark-start, PB=parsable bottom
|   0|0x0000000081e00000, 0x0000000081f00000, 0x0000000081f00000|100%| O|  |TAMS 0x0000000081e00000| PB 0x0000000081e00000| Untracked 
|   1|0x0000000081f00000, 0x0000000082000000, 0x0000000082000000|100%| O|  |TAMS 0x0000000081f00000| PB 0x0000000081f00000| Untracked 
|   2|0x0000000082000000, 0x0000000082100000, 0x0000000082100000|100%| O|  |TAMS 0x0000000082000000| PB 0x0000000082000000| Untracked 
|   3|0x0000000082100000, 0x0000000082200000, 0x0000000082200000|100%| O|  |TAMS 0x0000000082100000| PB 0x0000000082100000| Untracked 
|   4|0x0000000082200000, 0x0000000082300000, 0x0000000082300000|100%| O|  |TAMS 0x0000000082200000| PB 0x0000000082200000| Untracked 
|   5|0x0000000082300000, 0x0000000082400000, 0x0000000082400000|100%| O|  |TAMS 0x0000000082300000| PB 0x0000000082300000| Untracked 
|   6|0x0000000082400000, 0x0000000082500000, 0x0000000082500000|100%| O|  |TAMS 0x0000000082400000| PB 0x0000000082400000| Untracked 
|   7|0x0000000082500000, 0x0000000082600000, 0x0000000082600000|100%| O|  |TAMS 0x0000000082500000| PB 0x0000000082500000| Untracked 
|   8|0x0000000082600000, 0x0000000082700000, 0x0000000082700000|100%| O|  |TAMS 0x0000000082600000| PB 0x0000000082600000| Untracked 
|   9|0x0000000082700000, 0x0000000082800000, 0x0000000082800000|100%| O|  |TAMS 0x0000000082700000| PB 0x0000000082700000| Untracked 
|  10|0x0000000082800000, 0x0000000082900000, 0x0000000082900000|100%| O|  |TAMS 0x0000000082800000| PB 0x0000000082800000| Untracked 
|  11|0x0000000082900000, 0x0000000082a00000, 0x0000000082a00000|100%| O|  |TAMS 0x0000000082900000| PB 0x0000000082900000| Untracked 
|  12|0x0000000082a00000, 0x0000000082b00000, 0x0000000082b00000|100%| O|  |TAMS 0x0000000082a00000| PB 0x0000000082a00000| Untracked 
|  13|0x0000000082b00000, 0x0000000082c00000, 0x0000000082c00000|100%| O|  |TAMS 0x0000000082b00000| PB 0x0000000082b00000| Untracked 
|  14|0x0000000082c00000, 0x0000000082d00000, 0x0000000082d00000|100%| O|  |TAMS 0x0000000082c00000| PB 0x0000000082c00000| Untracked 
|  15|0x0000000082d00000, 0x0000000082e00000, 0x0000000082e00000|100%| O|  |TAMS 0x0000000082d00000| PB 0x0000000082d00000| Untracked 
|  16|0x0000000082e00000, 0x0000000082f00000, 0x0000000082f00000|100%|HS|  |TAMS 0x0000000082e00000| PB 0x0000000082e00000| Complete 
|  17|0x0000000082f00000, 0x0000000083000000, 0x0000000083000000|100%| O|Cm|TAMS 0x0000000082f00000| PB 0x0000000082f00000| Complete 
|  18|0x0000000083000000, 0x0000000083100000, 0x0000000083100000|100%| O|  |TAMS 0x0000000083000000| PB 0x0000000083000000| Untracked 
|  19|0x0000000083100000, 0x0000000083200000, 0x0000000083200000|100%| O|  |TAMS 0x0000000083100000| PB 0x0000000083100000| Untracked 
|  20|0x0000000083200000, 0x0000000083300000, 0x0000000083300000|100%| O|  |TAMS 0x0000000083200000| PB 0x0000000083200000| Untracked 
|  21|0x0000000083300000, 0x0000000083400000, 0x0000000083400000|100%|HS|  |TAMS 0x0000000083300000| PB 0x0000000083300000| Complete 
|  22|0x0000000083400000, 0x0000000083500000, 0x0000000083500000|100%|HC|  |TAMS 0x0000000083400000| PB 0x0000000083400000| Complete 
|  23|0x0000000083500000, 0x0000000083600000, 0x0000000083600000|100%| O|Cm|TAMS 0x0000000083500000| PB 0x0000000083500000| Complete 
|  24|0x0000000083600000, 0x0000000083700000, 0x0000000083700000|100%| O|  |TAMS 0x0000000083600000| PB 0x0000000083600000| Untracked 
|  25|0x0000000083700000, 0x0000000083800000, 0x0000000083800000|100%| O|  |TAMS 0x0000000083700000| PB 0x0000000083700000| Untracked 
|  26|0x0000000083800000, 0x0000000083900000, 0x0000000083900000|100%| O|  |TAMS 0x0000000083800000| PB 0x0000000083800000| Untracked 
|  27|0x0000000083900000, 0x0000000083a00000, 0x0000000083a00000|100%| O|  |TAMS 0x0000000083900000| PB 0x0000000083900000| Untracked 
|  28|0x0000000083a00000, 0x0000000083b00000, 0x0000000083b00000|100%| O|  |TAMS 0x0000000083a00000| PB 0x0000000083a00000| Untracked 
|  29|0x0000000083b00000, 0x0000000083c00000, 0x0000000083c00000|100%| O|  |TAMS 0x0000000083b00000| PB 0x0000000083b00000| Untracked 
|  30|0x0000000083c00000, 0x0000000083d00000, 0x0000000083d00000|100%| O|  |TAMS 0x0000000083c00000| PB 0x0000000083c00000| Untracked 
|  31|0x0000000083d00000, 0x0000000083e00000, 0x0000000083e00000|100%| O|  |TAMS 0x0000000083d00000| PB 0x0000000083d00000| Untracked 
|  32|0x0000000083e00000, 0x0000000083f00000, 0x0000000083f00000|100%|HS|  |TAMS 0x0000000083e00000| PB 0x0000000083e00000| Complete 
|  33|0x0000000083f00000, 0x0000000084000000, 0x0000000084000000|100%|HS|  |TAMS 0x0000000083f00000| PB 0x0000000083f00000| Complete 
|  34|0x0000000084000000, 0x0000000084100000, 0x0000000084100000|100%|HS|  |TAMS 0x0000000084000000| PB 0x0000000084000000| Complete 
|  35|0x0000000084100000, 0x0000000084200000, 0x0000000084200000|100%|HC|  |TAMS 0x0000000084100000| PB 0x0000000084100000| Complete 
|  36|0x0000000084200000, 0x0000000084200000, 0x0000000084300000|  0%| F|  |TAMS 0x0000000084200000| PB 0x0000000084200000| Untracked 
|  37|0x0000000084300000, 0x0000000084400000, 0x0000000084400000|100%|HS|  |TAMS 0x0000000084300000| PB 0x0000000084300000| Complete 
|  38|0x0000000084400000, 0x0000000084500000, 0x0000000084500000|100%| O|  |TAMS 0x0000000084400000| PB 0x0000000084400000| Untracked 
|  39|0x0000000084500000, 0x0000000084600000, 0x0000000084600000|100%| O|  |TAMS 0x0000000084500000| PB 0x0000000084500000| Untracked 
|  40|0x0000000084600000, 0x0000000084700000, 0x0000000084700000|100%| O|  |TAMS 0x0000000084600000| PB 0x0000000084600000| Untracked 
|  41|0x0000000084700000, 0x0000000084800000, 0x0000000084800000|100%| O|  |TAMS 0x0000000084700000| PB 0x0000000084700000| Untracked 
|  42|0x0000000084800000, 0x0000000084900000, 0x0000000084900000|100%|HS|  |TAMS 0x0000000084800000| PB 0x0000000084800000| Complete 
|  43|0x0000000084900000, 0x0000000084a00000, 0x0000000084a00000|100%|HC|  |TAMS 0x0000000084900000| PB 0x0000000084900000| Complete 
|  44|0x0000000084a00000, 0x0000000084b00000, 0x0000000084b00000|100%| O|  |TAMS 0x0000000084a00000| PB 0x0000000084a00000| Untracked 
|  45|0x0000000084b00000, 0x0000000084c00000, 0x0000000084c00000|100%| O|Cm|TAMS 0x0000000084b00000| PB 0x0000000084b00000| Complete 
|  46|0x0000000084c00000, 0x0000000084d00000, 0x0000000084d00000|100%| O|Cm|TAMS 0x0000000084c00000| PB 0x0000000084c00000| Complete 
|  47|0x0000000084d00000, 0x0000000084e00000, 0x0000000084e00000|100%| O|Cm|TAMS 0x0000000084d00000| PB 0x0000000084d00000| Complete 
|  48|0x0000000084e00000, 0x0000000084f00000, 0x0000000084f00000|100%| O|  |TAMS 0x0000000084e00000| PB 0x0000000084e00000| Untracked 
|  49|0x0000000084f00000, 0x0000000085000000, 0x0000000085000000|100%| O|  |TAMS 0x0000000084f00000| PB 0x0000000084f00000| Untracked 
|  50|0x0000000085000000, 0x0000000085100000, 0x0000000085100000|100%| O|  |TAMS 0x0000000085000000| PB 0x0000000085000000| Untracked 
|  51|0x0000000085100000, 0x0000000085200000, 0x0000000085200000|100%| O|  |TAMS 0x0000000085100000| PB 0x0000000085100000| Untracked 
|  52|0x0000000085200000, 0x0000000085300000, 0x0000000085300000|100%| O|  |TAMS 0x0000000085200000| PB 0x0000000085200000| Untracked 
|  53|0x0000000085300000, 0x0000000085400000, 0x0000000085400000|100%| O|  |TAMS 0x0000000085300000| PB 0x0000000085300000| Untracked 
|  54|0x0000000085400000, 0x0000000085500000, 0x0000000085500000|100%| O|  |TAMS 0x0000000085400000| PB 0x0000000085400000| Untracked 
|  55|0x0000000085500000, 0x0000000085600000, 0x0000000085600000|100%| O|  |TAMS 0x0000000085500000| PB 0x0000000085500000| Untracked 
|  56|0x0000000085600000, 0x0000000085700000, 0x0000000085700000|100%| O|  |TAMS 0x0000000085600000| PB 0x0000000085600000| Untracked 
|  57|0x0000000085700000, 0x0000000085800000, 0x0000000085800000|100%| O|  |TAMS 0x0000000085700000| PB 0x0000000085700000| Untracked 
|  58|0x0000000085800000, 0x0000000085900000, 0x0000000085900000|100%| O|  |TAMS 0x0000000085800000| PB 0x0000000085800000| Untracked 
|  59|0x0000000085900000, 0x0000000085a00000, 0x0000000085a00000|100%| O|Cm|TAMS 0x0000000085900000| PB 0x0000000085900000| Complete 
|  60|0x0000000085a00000, 0x0000000085b00000, 0x0000000085b00000|100%| O|Cm|TAMS 0x0000000085a00000| PB 0x0000000085a00000| Complete 
|  61|0x0000000085b00000, 0x0000000085c00000, 0x0000000085c00000|100%| O|Cm|TAMS 0x0000000085b00000| PB 0x0000000085b00000| Complete 
|  62|0x0000000085c00000, 0x0000000085d00000, 0x0000000085d00000|100%| O|  |TAMS 0x0000000085c00000| PB 0x0000000085c00000| Untracked 
|  63|0x0000000085d00000, 0x0000000085e00000, 0x0000000085e00000|100%| O|  |TAMS 0x0000000085d00000| PB 0x0000000085d00000| Untracked 
|  64|0x0000000085e00000, 0x0000000085f00000, 0x0000000085f00000|100%| O|  |TAMS 0x0000000085e00000| PB 0x0000000085e00000| Untracked 
|  65|0x0000000085f00000, 0x0000000086000000, 0x0000000086000000|100%| O|  |TAMS 0x0000000085f00000| PB 0x0000000085f00000| Untracked 
|  66|0x0000000086000000, 0x0000000086100000, 0x0000000086100000|100%| S|CS|TAMS 0x0000000086000000| PB 0x0000000086000000| Complete 
|  67|0x0000000086100000, 0x0000000086200000, 0x0000000086200000|100%| S|CS|TAMS 0x0000000086100000| PB 0x0000000086100000| Complete 
|  68|0x0000000086200000, 0x0000000086300000, 0x0000000086300000|100%| S|CS|TAMS 0x0000000086200000| PB 0x0000000086200000| Complete 
|  69|0x0000000086300000, 0x0000000086400000, 0x0000000086400000|100%| S|CS|TAMS 0x0000000086300000| PB 0x0000000086300000| Complete 
|  70|0x0000000086400000, 0x0000000086500000, 0x0000000086500000|100%| S|CS|TAMS 0x0000000086400000| PB 0x0000000086400000| Complete 
|  71|0x0000000086500000, 0x0000000086600000, 0x0000000086600000|100%| S|CS|TAMS 0x0000000086500000| PB 0x0000000086500000| Complete 
|  72|0x0000000086600000, 0x0000000086700000, 0x0000000086700000|100%| S|CS|TAMS 0x0000000086600000| PB 0x0000000086600000| Complete 
|  73|0x0000000086700000, 0x0000000086700000, 0x0000000086800000|  0%| F|  |TAMS 0x0000000086700000| PB 0x0000000086700000| Untracked 
|  74|0x0000000086800000, 0x0000000086800000, 0x0000000086900000|  0%| F|  |TAMS 0x0000000086800000| PB 0x0000000086800000| Untracked 
|  75|0x0000000086900000, 0x0000000086900000, 0x0000000086a00000|  0%| F|  |TAMS 0x0000000086900000| PB 0x0000000086900000| Untracked 
|  76|0x0000000086a00000, 0x0000000086a00000, 0x0000000086b00000|  0%| F|  |TAMS 0x0000000086a00000| PB 0x0000000086a00000| Untracked 
|  77|0x0000000086b00000, 0x0000000086b00000, 0x0000000086c00000|  0%| F|  |TAMS 0x0000000086b00000| PB 0x0000000086b00000| Untracked 
|  78|0x0000000086c00000, 0x0000000086c00000, 0x0000000086d00000|  0%| F|  |TAMS 0x0000000086c00000| PB 0x0000000086c00000| Untracked 
|  79|0x0000000086d00000, 0x0000000086d00000, 0x0000000086e00000|  0%| F|  |TAMS 0x0000000086d00000| PB 0x0000000086d00000| Untracked 
|  80|0x0000000086e00000, 0x0000000086e00000, 0x0000000086f00000|  0%| F|  |TAMS 0x0000000086e00000| PB 0x0000000086e00000| Untracked 
|  81|0x0000000086f00000, 0x0000000086f00000, 0x0000000087000000|  0%| F|  |TAMS 0x0000000086f00000| PB 0x0000000086f00000| Untracked 
|  82|0x0000000087000000, 0x0000000087000000, 0x0000000087100000|  0%| F|  |TAMS 0x0000000087000000| PB 0x0000000087000000| Untracked 
|  83|0x0000000087100000, 0x0000000087100000, 0x0000000087200000|  0%| F|  |TAMS 0x0000000087100000| PB 0x0000000087100000| Untracked 
|  84|0x0000000087200000, 0x0000000087200000, 0x0000000087300000|  0%| F|  |TAMS 0x0000000087200000| PB 0x0000000087200000| Untracked 
|  85|0x0000000087300000, 0x0000000087300000, 0x0000000087400000|  0%| F|  |TAMS 0x0000000087300000| PB 0x0000000087300000| Untracked 
|  86|0x0000000087400000, 0x0000000087400000, 0x0000000087500000|  0%| F|  |TAMS 0x0000000087400000| PB 0x0000000087400000| Untracked 
|  87|0x0000000087500000, 0x0000000087500000, 0x0000000087600000|  0%| F|  |TAMS 0x0000000087500000| PB 0x0000000087500000| Untracked 
|  88|0x0000000087600000, 0x0000000087600000, 0x0000000087700000|  0%| F|  |TAMS 0x0000000087600000| PB 0x0000000087600000| Untracked 
|  89|0x0000000087700000, 0x0000000087700000, 0x0000000087800000|  0%| F|  |TAMS 0x0000000087700000| PB 0x0000000087700000| Untracked 
|  90|0x0000000087800000, 0x0000000087800000, 0x0000000087900000|  0%| F|  |TAMS 0x0000000087800000| PB 0x0000000087800000| Untracked 
|  91|0x0000000087900000, 0x0000000087900000, 0x0000000087a00000|  0%| F|  |TAMS 0x0000000087900000| PB 0x0000000087900000| Untracked 
|  92|0x0000000087a00000, 0x0000000087a00000, 0x0000000087b00000|  0%| F|  |TAMS 0x0000000087a00000| PB 0x0000000087a00000| Untracked 
|  93|0x0000000087b00000, 0x0000000087b792e8, 0x0000000087c00000| 47%| E|  |TAMS 0x0000000087b00000| PB 0x0000000087b00000| Complete 
|  94|0x0000000087c00000, 0x0000000087d00000, 0x0000000087d00000|100%| E|CS|TAMS 0x0000000087c00000| PB 0x0000000087c00000| Complete 
|  95|0x0000000087d00000, 0x0000000087e00000, 0x0000000087e00000|100%| E|CS|TAMS 0x0000000087d00000| PB 0x0000000087d00000| Complete 
|  96|0x0000000087e00000, 0x0000000087f00000, 0x0000000087f00000|100%| E|CS|TAMS 0x0000000087e00000| PB 0x0000000087e00000| Complete 
|  97|0x0000000087f00000, 0x0000000088000000, 0x0000000088000000|100%| E|CS|TAMS 0x0000000087f00000| PB 0x0000000087f00000| Complete 
|  98|0x0000000088000000, 0x0000000088100000, 0x0000000088100000|100%| E|CS|TAMS 0x0000000088000000| PB 0x0000000088000000| Complete 
|  99|0x0000000088100000, 0x0000000088200000, 0x0000000088200000|100%| E|CS|TAMS 0x0000000088100000| PB 0x0000000088100000| Complete 
| 100|0x0000000088200000, 0x0000000088300000, 0x0000000088300000|100%| E|CS|TAMS 0x0000000088200000| PB 0x0000000088200000| Complete 
| 101|0x0000000088300000, 0x0000000088400000, 0x0000000088400000|100%| E|CS|TAMS 0x0000000088300000| PB 0x0000000088300000| Complete 
| 102|0x0000000088400000, 0x0000000088500000, 0x0000000088500000|100%| E|CS|TAMS 0x0000000088400000| PB 0x0000000088400000| Complete 
| 103|0x0000000088500000, 0x0000000088600000, 0x0000000088600000|100%| E|CS|TAMS 0x0000000088500000| PB 0x0000000088500000| Complete 
| 104|0x0000000088600000, 0x0000000088700000, 0x0000000088700000|100%| E|CS|TAMS 0x0000000088600000| PB 0x0000000088600000| Complete 
| 105|0x0000000088700000, 0x0000000088800000, 0x0000000088800000|100%| E|CS|TAMS 0x0000000088700000| PB 0x0000000088700000| Complete 
| 106|0x0000000088800000, 0x0000000088900000, 0x0000000088900000|100%| E|CS|TAMS 0x0000000088800000| PB 0x0000000088800000| Complete 
| 107|0x0000000088900000, 0x0000000088a00000, 0x0000000088a00000|100%| E|CS|TAMS 0x0000000088900000| PB 0x0000000088900000| Complete 
| 108|0x0000000088a00000, 0x0000000088b00000, 0x0000000088b00000|100%| E|CS|TAMS 0x0000000088a00000| PB 0x0000000088a00000| Complete 
| 109|0x0000000088b00000, 0x0000000088c00000, 0x0000000088c00000|100%| E|CS|TAMS 0x0000000088b00000| PB 0x0000000088b00000| Complete 
| 110|0x0000000088c00000, 0x0000000088d00000, 0x0000000088d00000|100%| E|CS|TAMS 0x0000000088c00000| PB 0x0000000088c00000| Complete 
| 111|0x0000000088d00000, 0x0000000088e00000, 0x0000000088e00000|100%| E|CS|TAMS 0x0000000088d00000| PB 0x0000000088d00000| Complete 
| 112|0x0000000088e00000, 0x0000000088f00000, 0x0000000088f00000|100%| E|CS|TAMS 0x0000000088e00000| PB 0x0000000088e00000| Complete 
| 113|0x0000000088f00000, 0x0000000089000000, 0x0000000089000000|100%| E|CS|TAMS 0x0000000088f00000| PB 0x0000000088f00000| Complete 
| 114|0x0000000089000000, 0x0000000089100000, 0x0000000089100000|100%| E|CS|TAMS 0x0000000089000000| PB 0x0000000089000000| Complete 
| 115|0x0000000089100000, 0x0000000089200000, 0x0000000089200000|100%| E|CS|TAMS 0x0000000089100000| PB 0x0000000089100000| Complete 
| 116|0x0000000089200000, 0x0000000089300000, 0x0000000089300000|100%| E|CS|TAMS 0x0000000089200000| PB 0x0000000089200000| Complete 
| 117|0x0000000089300000, 0x0000000089400000, 0x0000000089400000|100%| E|CS|TAMS 0x0000000089300000| PB 0x0000000089300000| Complete 
| 118|0x0000000089400000, 0x0000000089500000, 0x0000000089500000|100%| E|CS|TAMS 0x0000000089400000| PB 0x0000000089400000| Complete 
| 119|0x0000000089500000, 0x0000000089600000, 0x0000000089600000|100%| E|CS|TAMS 0x0000000089500000| PB 0x0000000089500000| Complete 
| 120|0x0000000089600000, 0x0000000089700000, 0x0000000089700000|100%| E|  |TAMS 0x0000000089600000| PB 0x0000000089600000| Complete 
| 121|0x0000000089700000, 0x0000000089800000, 0x0000000089800000|100%| E|CS|TAMS 0x0000000089700000| PB 0x0000000089700000| Complete 
| 127|0x0000000089d00000, 0x0000000089e00000, 0x0000000089e00000|100%| E|CS|TAMS 0x0000000089d00000| PB 0x0000000089d00000| Complete 
|2001|0x00000000fef00000, 0x00000000fef80000, 0x00000000ff000000| 50%| O|  |TAMS 0x00000000fef00000| PB 0x00000000fef00000| Untracked 
|2002|0x00000000ff000000, 0x00000000ff100000, 0x00000000ff100000|100%| O|  |TAMS 0x00000000ff000000| PB 0x00000000ff000000| Untracked 
|2003|0x00000000ff100000, 0x00000000ff200000, 0x00000000ff200000|100%| O|  |TAMS 0x00000000ff100000| PB 0x00000000ff100000| Untracked 
|2004|0x00000000ff200000, 0x00000000ff300000, 0x00000000ff300000|100%| O|Cm|TAMS 0x00000000ff200000| PB 0x00000000ff200000| Complete 
|2005|0x00000000ff300000, 0x00000000ff400000, 0x00000000ff400000|100%| O|Cm|TAMS 0x00000000ff300000| PB 0x00000000ff300000| Complete 
|2006|0x00000000ff400000, 0x00000000ff500000, 0x00000000ff500000|100%| O|  |TAMS 0x00000000ff400000| PB 0x00000000ff400000| Untracked 
|2007|0x00000000ff500000, 0x00000000ff600000, 0x00000000ff600000|100%| O|Cm|TAMS 0x00000000ff500000| PB 0x00000000ff500000| Complete 
|2008|0x00000000ff600000, 0x00000000ff700000, 0x00000000ff700000|100%| O|Cm|TAMS 0x00000000ff600000| PB 0x00000000ff600000| Complete 
|2009|0x00000000ff700000, 0x00000000ff800000, 0x00000000ff800000|100%| O|Cm|TAMS 0x00000000ff700000| PB 0x00000000ff700000| Complete 
|2010|0x00000000ff800000, 0x00000000ff900000, 0x00000000ff900000|100%| O|Cm|TAMS 0x00000000ff800000| PB 0x00000000ff800000| Complete 
|2011|0x00000000ff900000, 0x00000000ffa00000, 0x00000000ffa00000|100%| O|Cm|TAMS 0x00000000ff900000| PB 0x00000000ff900000| Complete 
|2012|0x00000000ffa00000, 0x00000000ffb00000, 0x00000000ffb00000|100%| O|Cm|TAMS 0x00000000ffa00000| PB 0x00000000ffa00000| Complete 
|2013|0x00000000ffb00000, 0x00000000ffc00000, 0x00000000ffc00000|100%| O|Cm|TAMS 0x00000000ffb00000| PB 0x00000000ffb00000| Complete 
|2014|0x00000000ffc00000, 0x00000000ffd00000, 0x00000000ffd00000|100%| O|  |TAMS 0x00000000ffc00000| PB 0x00000000ffc00000| Untracked 
|2015|0x00000000ffd00000, 0x00000000ffe00000, 0x00000000ffe00000|100%| E|CS|TAMS 0x00000000ffd00000| PB 0x00000000ffd00000| Complete 
|2016|0x00000000ffe00000, 0x00000000fff00000, 0x00000000fff00000|100%| E|CS|TAMS 0x00000000ffe00000| PB 0x00000000ffe00000| Complete 
|2017|0x00000000fff00000, 0x0000000100000000, 0x0000000100000000|100%| E|CS|TAMS 0x00000000fff00000| PB 0x00000000fff00000| Complete 

Card table byte_map: [0x000001d871690000,0x000001d871a90000] _byte_map_base: 0x000001d871281000

Marking Bits: (CMBitMap*) 0x000001d868bf8780
 Bits: [0x000001d871a90000, 0x000001d873a18000)

Polling page: 0x000001d866a00000

Metaspace:

Usage:
  Non-class:     32.37 MB used.
      Class:      4.08 MB used.
       Both:     36.44 MB used.

Virtual space:
  Non-class space:       64.00 MB reserved,      32.69 MB ( 51%) committed,  1 nodes.
      Class space:        1.00 GB reserved,       4.38 MB ( <1%) committed,  1 nodes.
             Both:        1.06 GB reserved,      37.06 MB (  3%) committed. 

Chunk freelists:
   Non-Class:  15.12 MB
       Class:  11.57 MB
        Both:  26.70 MB

MaxMetaspaceSize: unlimited
CompressedClassSpaceSize: 1.00 GB
Initial GC threshold: 21.00 MB
Current GC threshold: 59.31 MB
CDS: on
 - commit_granule_bytes: 65536.
 - commit_granule_words: 8192.
 - virtual_space_node_default_size: 8388608.
 - enlarge_chunks_in_place: 1.
 - use_allocation_guard: 0.


Internal statistics:

num_allocs_failed_limit: 12.
num_arena_births: 692.
num_arena_deaths: 0.
num_vsnodes_births: 2.
num_vsnodes_deaths: 0.
num_space_committed: 593.
num_space_uncommitted: 0.
num_chunks_returned_to_freelist: 12.
num_chunks_taken_from_freelist: 2100.
num_chunk_merges: 12.
num_chunk_splits: 1479.
num_chunks_enlarged: 1076.
num_inconsistent_stats: 0.

CodeHeap 'non-profiled nmethods': size=120000Kb used=3756Kb max_used=3783Kb free=116243Kb
 bounds [0x000001d807ad0000, 0x000001d807e90000, 0x000001d80f000000]
CodeHeap 'profiled nmethods': size=120000Kb used=15833Kb max_used=16549Kb free=104166Kb
 bounds [0x000001d800000000, 0x000001d801030000, 0x000001d807530000]
CodeHeap 'non-nmethods': size=5760Kb used=1542Kb max_used=1605Kb free=4217Kb
 bounds [0x000001d807530000, 0x000001d8077a0000, 0x000001d807ad0000]
 total_blobs=8434 nmethods=7826 adapters=512
 compilation: enabled
              stopped_count=0, restarted_count=0
 full_count=0

Compilation events (20 events):
Event: 43.008 Thread 0x000001d875efb440 nmethod 9080 0x000001d800bd3490 code [0x000001d800bd3620, 0x000001d800bd3788]
Event: 43.114 Thread 0x000001d875efb440 9082   !   3       org.apache.maven.surefire.api.stream.AbstractStreamDecoder::checkHeader (123 bytes)
Event: 43.115 Thread 0x000001d875efb440 nmethod 9082 0x000001d8008f2910 code [0x000001d8008f2bc0, 0x000001d8008f37b0]
Event: 43.115 Thread 0x000001d875efb440 9083       1       org.apache.maven.surefire.api.stream.AbstractStreamDecoder$MalformedFrameException::readFrom (5 bytes)
Event: 43.115 Thread 0x000001d875ef82d0 9084       4       java.util.Calendar::internalSet (8 bytes)
Event: 43.115 Thread 0x000001d875efb440 nmethod 9083 0x000001d807c28e10 code [0x000001d807c28fa0, 0x000001d807c29068]
Event: 43.116 Thread 0x000001d875efb440 9085       1       org.apache.maven.surefire.api.stream.AbstractStreamDecoder$MalformedFrameException::readTo (5 bytes)
Event: 43.116 Thread 0x000001d875efb440 nmethod 9085 0x000001d807c28b10 code [0x000001d807c28ca0, 0x000001d807c28d68]
Event: 43.116 Thread 0x000001d875ef82d0 nmethod 9084 0x000001d807cf3510 code [0x000001d807cf36a0, 0x000001d807cf3778]
Event: 43.117 Thread 0x000001d875efb440 9086   !   3       org.apache.maven.surefire.stream.EventDecoder::decode (399 bytes)
Event: 43.118 Thread 0x000001d875ef82d0 9091       4       java.io.WinNTFileSystem::resolve (326 bytes)
Event: 43.122 Thread 0x000001d875efb440 nmethod 9086 0x000001d800946c10 code [0x000001d8009471e0, 0x000001d800949f78]
Event: 43.122 Thread 0x000001d875efb440 9089       3       sun.nio.cs.StreamEncoder::implWrite (145 bytes)
Event: 43.123 Thread 0x000001d875efb440 nmethod 9089 0x000001d8008f5d10 code [0x000001d8008f5f60, 0x000001d8008f6870]
Event: 43.123 Thread 0x000001d875efb440 9090       3       org.apache.maven.surefire.stream.EventDecoder::getEncodedMagicNumber (4 bytes)
Event: 43.123 Thread 0x000001d875efb440 nmethod 9090 0x000001d800991010 code [0x000001d8009911a0, 0x000001d8009912b8]
Event: 43.123 Thread 0x000001d875efb440 9087       3       org.apache.maven.surefire.api.stream.AbstractStreamDecoder::readMessageType (46 bytes)
Event: 43.124 Thread 0x000001d875efb440 nmethod 9087 0x000001d8008e0f10 code [0x000001d8008e1100, 0x000001d8008e1610]
Event: 43.124 Thread 0x000001d875efb440 9088       3       org.apache.maven.surefire.api.stream.AbstractStreamDecoder$Memento::reset (15 bytes)
Event: 43.124 Thread 0x000001d875efb440 nmethod 9088 0x000001d800946790 code [0x000001d800946940, 0x000001d800946b48]

GC Heap History (20 events):
Event: 9.834 GC heap before
{Heap before GC invocations=6 (full 0):
 garbage-first heap   total 102400K, used 86016K [0x0000000081e00000, 0x0000000100000000)
  region size 1024K, 60 young (61440K), 9 survivors (9216K)
 Metaspace       used 24865K, committed 25280K, reserved 1114112K
  class space    used 2782K, committed 3008K, reserved 1048576K
}
Event: 9.856 GC heap after
{Heap after GC invocations=7 (full 0):
 garbage-first heap   total 102400K, used 34214K [0x0000000081e00000, 0x0000000100000000)
  region size 1024K, 5 young (5120K), 5 survivors (5120K)
 Metaspace       used 24865K, committed 25280K, reserved 1114112K
  class space    used 2782K, committed 3008K, reserved 1048576K
}
Event: 10.540 GC heap before
{Heap before GC invocations=7 (full 0):
 garbage-first heap   total 102400K, used 90534K [0x0000000081e00000, 0x0000000100000000)
  region size 1024K, 51 young (52224K), 5 survivors (5120K)
 Metaspace       used 24986K, committed 25472K, reserved 1114112K
  class space    used 2782K, committed 3008K, reserved 1048576K
}
Event: 10.572 GC heap after
{Heap after GC invocations=8 (full 0):
 garbage-first heap   total 111616K, used 50688K [0x0000000081e00000, 0x0000000100000000)
  region size 1024K, 7 young (7168K), 7 survivors (7168K)
 Metaspace       used 24986K, committed 25472K, reserved 1114112K
  class space    used 2782K, committed 3008K, reserved 1048576K
}
Event: 11.123 GC heap before
{Heap before GC invocations=8 (full 0):
 garbage-first heap   total 111616K, used 86528K [0x0000000081e00000, 0x0000000100000000)
  region size 1024K, 41 young (41984K), 7 survivors (7168K)
 Metaspace       used 25132K, committed 25536K, reserved 1114112K
  class space    used 2788K, committed 3008K, reserved 1048576K
}
Event: 11.135 GC heap after
{Heap after GC invocations=9 (full 0):
 garbage-first heap   total 135168K, used 47616K [0x0000000081e00000, 0x0000000100000000)
  region size 1024K, 3 young (3072K), 3 survivors (3072K)
 Metaspace       used 25132K, committed 25536K, reserved 1114112K
  class space    used 2788K, committed 3008K, reserved 1048576K
}
Event: 20.652 GC heap before
{Heap before GC invocations=9 (full 0):
 garbage-first heap   total 135168K, used 116224K [0x0000000081e00000, 0x0000000100000000)
  region size 1024K, 58 young (59392K), 3 survivors (3072K)
 Metaspace       used 29876K, committed 30208K, reserved 1114112K
  class space    used 3351K, committed 3520K, reserved 1048576K
}
Event: 20.663 GC heap after
{Heap after GC invocations=10 (full 0):
 garbage-first heap   total 135168K, used 63872K [0x0000000081e00000, 0x0000000100000000)
  region size 1024K, 7 young (7168K), 7 survivors (7168K)
 Metaspace       used 29876K, committed 30208K, reserved 1114112K
  class space    used 3351K, committed 3520K, reserved 1048576K
}
Event: 20.708 GC heap before
{Heap before GC invocations=10 (full 0):
 garbage-first heap   total 135168K, used 67968K [0x0000000081e00000, 0x0000000100000000)
  region size 1024K, 9 young (9216K), 7 survivors (7168K)
 Metaspace       used 30087K, committed 30464K, reserved 1114112K
  class space    used 3386K, committed 3584K, reserved 1048576K
}
Event: 20.718 GC heap after
{Heap after GC invocations=11 (full 0):
 garbage-first heap   total 135168K, used 66843K [0x0000000081e00000, 0x0000000100000000)
  region size 1024K, 4 young (4096K), 4 survivors (4096K)
 Metaspace       used 30087K, committed 30464K, reserved 1114112K
  class space    used 3386K, committed 3584K, reserved 1048576K
}
Event: 22.458 GC heap before
{Heap before GC invocations=12 (full 0):
 garbage-first heap   total 135168K, used 125211K [0x0000000081e00000, 0x0000000100000000)
  region size 1024K, 51 young (52224K), 4 survivors (4096K)
 Metaspace       used 31893K, committed 32320K, reserved 1114112K
  class space    used 3601K, committed 3776K, reserved 1048576K
}
Event: 22.466 GC heap after
{Heap after GC invocations=13 (full 0):
 garbage-first heap   total 135168K, used 52747K [0x0000000081e00000, 0x0000000100000000)
  region size 1024K, 6 young (6144K), 6 survivors (6144K)
 Metaspace       used 31893K, committed 32320K, reserved 1114112K
  class space    used 3601K, committed 3776K, reserved 1048576K
}
Event: 23.571 GC heap before
{Heap before GC invocations=13 (full 0):
 garbage-first heap   total 135168K, used 118283K [0x0000000081e00000, 0x0000000100000000)
  region size 1024K, 66 young (67584K), 6 survivors (6144K)
 Metaspace       used 32163K, committed 32640K, reserved 1114112K
  class space    used 3607K, committed 3840K, reserved 1048576K
}
Event: 23.599 GC heap after
{Heap after GC invocations=14 (full 0):
 garbage-first heap   total 140288K, used 67467K [0x0000000081e00000, 0x0000000100000000)
  region size 1024K, 9 young (9216K), 9 survivors (9216K)
 Metaspace       used 32163K, committed 32640K, reserved 1114112K
  class space    used 3607K, committed 3840K, reserved 1048576K
}
Event: 25.151 GC heap before
{Heap before GC invocations=14 (full 0):
 garbage-first heap   total 140288K, used 113547K [0x0000000081e00000, 0x0000000100000000)
  region size 1024K, 55 young (56320K), 9 survivors (9216K)
 Metaspace       used 34692K, committed 35328K, reserved 1114112K
  class space    used 3892K, committed 4224K, reserved 1048576K
}
Event: 25.169 GC heap after
{Heap after GC invocations=15 (full 0):
 garbage-first heap   total 140288K, used 70614K [0x0000000081e00000, 0x0000000100000000)
  region size 1024K, 3 young (3072K), 3 survivors (3072K)
 Metaspace       used 34692K, committed 35328K, reserved 1114112K
  class space    used 3892K, committed 4224K, reserved 1048576K
}
Event: 26.019 GC heap before
{Heap before GC invocations=15 (full 0):
 garbage-first heap   total 140288K, used 95190K [0x0000000081e00000, 0x0000000100000000)
  region size 1024K, 28 young (28672K), 3 survivors (3072K)
 Metaspace       used 35793K, committed 36416K, reserved 1114112K
  class space    used 4006K, committed 4288K, reserved 1048576K
}
Event: 26.030 GC heap after
{Heap after GC invocations=16 (full 0):
 garbage-first heap   total 140288K, used 70815K [0x0000000081e00000, 0x0000000100000000)
  region size 1024K, 4 young (4096K), 4 survivors (4096K)
 Metaspace       used 35793K, committed 36416K, reserved 1114112K
  class space    used 4006K, committed 4288K, reserved 1048576K
}
Event: 26.979 GC heap before
{Heap before GC invocations=17 (full 0):
 garbage-first heap   total 140288K, used 122015K [0x0000000081e00000, 0x0000000100000000)
  region size 1024K, 53 young (54272K), 4 survivors (4096K)
 Metaspace       used 36077K, committed 36736K, reserved 1114112K
  class space    used 4026K, committed 4352K, reserved 1048576K
}
Event: 27.007 GC heap after
{Heap after GC invocations=18 (full 0):
 garbage-first heap   total 143360K, used 87552K [0x0000000081e00000, 0x0000000100000000)
  region size 1024K, 7 young (7168K), 7 survivors (7168K)
 Metaspace       used 36077K, committed 36736K, reserved 1114112K
  class space    used 4026K, committed 4352K, reserved 1048576K
}

Dll operation events (8 events):
Event: 0.013 Loaded shared library C:\Users\Kadmiel\.jdks\corretto-21.0.4\bin\java.dll
Event: 0.074 Loaded shared library C:\Users\Kadmiel\.jdks\corretto-21.0.4\bin\jsvml.dll
Event: 0.127 Loaded shared library C:\Users\Kadmiel\.jdks\corretto-21.0.4\bin\net.dll
Event: 0.131 Loaded shared library C:\Users\Kadmiel\.jdks\corretto-21.0.4\bin\nio.dll
Event: 0.136 Loaded shared library C:\Users\Kadmiel\.jdks\corretto-21.0.4\bin\zip.dll
Event: 0.327 Loaded shared library C:\Users\Kadmiel\.jdks\corretto-21.0.4\bin\jimage.dll
Event: 0.400 Loaded shared library C:\Users\Kadmiel\.m2\wrapper\dists\apache-maven-3.8.5-bin\5i5jha092a3i37g0paqnfr15e0\apache-maven-3.8.5\lib\jansi-native\Windows\x86_64\jansi.dll
Event: 0.424 Loaded shared library C:\Users\Kadmiel\.jdks\corretto-21.0.4\bin\verify.dll

Deoptimization events (20 events):
Event: 27.410 Thread 0x000001d868b9e6d0 DEOPT PACKING pc=0x000001d800cca4e3 sp=0x000000721befb590
Event: 27.410 Thread 0x000001d868b9e6d0 DEOPT UNPACKING pc=0x000001d807584e42 sp=0x000000721befaa98 mode 0
Event: 27.644 Thread 0x000001d868b9e6d0 Uncommon trap: trap_request=0xffffffde fr.pc=0x000001d807bb3e94 relative=0x0000000000000074
Event: 27.644 Thread 0x000001d868b9e6d0 Uncommon trap: reason=class_check action=maybe_recompile pc=0x000001d807bb3e94 method=java.util.Collections$UnmodifiableMap.size()I @ 4 c2
Event: 27.644 Thread 0x000001d868b9e6d0 DEOPT PACKING pc=0x000001d807bb3e94 sp=0x000000721befcc50
Event: 27.644 Thread 0x000001d868b9e6d0 DEOPT UNPACKING pc=0x000001d8075846a2 sp=0x000000721befcbd8 mode 2
Event: 27.717 Thread 0x000001d868b9e6d0 Uncommon trap: trap_request=0xffffff45 fr.pc=0x000001d807c77270 relative=0x00000000000024d0
Event: 27.717 Thread 0x000001d868b9e6d0 Uncommon trap: reason=unstable_if action=reinterpret pc=0x000001d807c77270 method=lombok.launch.PackageShader.apply([B)Z @ 190 c2
Event: 27.717 Thread 0x000001d868b9e6d0 DEOPT PACKING pc=0x000001d807c77270 sp=0x000000721befcf30
Event: 27.718 Thread 0x000001d868b9e6d0 DEOPT UNPACKING pc=0x000001d8075846a2 sp=0x000000721befcf10 mode 2
Event: 27.718 Thread 0x000001d868b9e6d0 Uncommon trap: trap_request=0xffffff45 fr.pc=0x000001d807b05af8 relative=0x0000000000000998
Event: 27.718 Thread 0x000001d868b9e6d0 Uncommon trap: reason=unstable_if action=reinterpret pc=0x000001d807b05af8 method=lombok.launch.PackageShader.apply([B)Z @ 190 c2
Event: 27.718 Thread 0x000001d868b9e6d0 DEOPT PACKING pc=0x000001d807b05af8 sp=0x000000721befcf90
Event: 27.718 Thread 0x000001d868b9e6d0 DEOPT UNPACKING pc=0x000001d8075846a2 sp=0x000000721befcf10 mode 2
Event: 27.858 Thread 0x000001d868b9e6d0 DEOPT PACKING pc=0x000001d800849123 sp=0x000000721befd8c0
Event: 27.858 Thread 0x000001d868b9e6d0 DEOPT UNPACKING pc=0x000001d807584e42 sp=0x000000721befcda0 mode 0
Event: 27.953 Thread 0x000001d87bcccbc0 Uncommon trap: trap_request=0xffffffde fr.pc=0x000001d807c23554 relative=0x00000000000003d4
Event: 27.953 Thread 0x000001d87bcccbc0 Uncommon trap: reason=class_check action=maybe_recompile pc=0x000001d807c23554 method=sun.nio.cs.StreamDecoder.read([CII)I @ 8 c2
Event: 27.953 Thread 0x000001d87bcccbc0 DEOPT PACKING pc=0x000001d807c23554 sp=0x000000721d6ff3b0
Event: 27.953 Thread 0x000001d87bcccbc0 DEOPT UNPACKING pc=0x000001d8075846a2 sp=0x000000721d6ff368 mode 2

Classes loaded (20 events):
Event: 25.657 Loading class java/util/function/ToIntBiFunction
Event: 25.657 Loading class java/util/function/ToIntBiFunction done
Event: 25.723 Loading class java/lang/runtime/ObjectMethods
Event: 25.723 Loading class java/lang/runtime/ObjectMethods done
Event: 25.725 Loading class java/lang/invoke/MethodHandleImpl$Makers
Event: 25.725 Loading class java/lang/invoke/MethodHandleImpl$Makers done
Event: 25.725 Loading class java/lang/invoke/MethodHandleImpl$Makers$1
Event: 25.725 Loading class java/lang/invoke/MethodHandleImpl$Makers$1 done
Event: 25.725 Loading class java/lang/invoke/MethodHandleImpl$Makers$2
Event: 25.726 Loading class java/lang/invoke/MethodHandleImpl$Makers$2 done
Event: 25.726 Loading class java/lang/invoke/MethodHandleImpl$Makers$3
Event: 25.726 Loading class java/lang/invoke/MethodHandleImpl$Makers$3 done
Event: 25.731 Loading class java/lang/runtime/ObjectMethods$1
Event: 25.731 Loading class java/lang/runtime/ObjectMethods$1 done
Event: 25.738 Loading class java/lang/invoke/DirectMethodHandle$1
Event: 25.739 Loading class java/lang/invoke/DirectMethodHandle$1 done
Event: 26.785 Loading class jdk/internal/module/IllegalAccessLogger
Event: 26.785 Loading class jdk/internal/module/IllegalAccessLogger done
Event: 43.113 Loading class java/util/concurrent/atomic/Striped64$1
Event: 43.113 Loading class java/util/concurrent/atomic/Striped64$1 done

Classes unloaded (0 events):
No events

Classes redefined (0 events):
No events

Internal exceptions (20 events):
Event: 26.730 Thread 0x000001d868b9e6d0 Exception <a 'sun/nio/fs/WindowsException'{0x0000000086db7578}> (0x0000000086db7578) 
thrown [s\src\hotspot\share\prims\jni.cpp, line 520]
Event: 27.677 Thread 0x000001d868b9e6d0 Exception <a 'sun/nio/fs/WindowsException'{0x000000008848ef68}> (0x000000008848ef68) 
thrown [s\src\hotspot\share\prims\jni.cpp, line 520]
Event: 27.678 Thread 0x000001d868b9e6d0 Exception <a 'sun/nio/fs/WindowsException'{0x000000008848f9e0}> (0x000000008848f9e0) 
thrown [s\src\hotspot\share\prims\jni.cpp, line 520]
Event: 27.678 Thread 0x000001d868b9e6d0 Exception <a 'sun/nio/fs/WindowsException'{0x0000000088490510}> (0x0000000088490510) 
thrown [s\src\hotspot\share\prims\jni.cpp, line 520]
Event: 27.683 Thread 0x000001d868b9e6d0 Exception <a 'sun/nio/fs/WindowsException'{0x00000000884c8608}> (0x00000000884c8608) 
thrown [s\src\hotspot\share\prims\jni.cpp, line 520]
Event: 27.683 Thread 0x000001d868b9e6d0 Exception <a 'sun/nio/fs/WindowsException'{0x00000000884c9080}> (0x00000000884c9080) 
thrown [s\src\hotspot\share\prims\jni.cpp, line 520]
Event: 27.683 Thread 0x000001d868b9e6d0 Exception <a 'sun/nio/fs/WindowsException'{0x00000000884c9bb0}> (0x00000000884c9bb0) 
thrown [s\src\hotspot\share\prims\jni.cpp, line 520]
Event: 27.688 Thread 0x000001d868b9e6d0 Exception <a 'sun/nio/fs/WindowsException'{0x00000000884fd400}> (0x00000000884fd400) 
thrown [s\src\hotspot\share\prims\jni.cpp, line 520]
Event: 27.688 Thread 0x000001d868b9e6d0 Exception <a 'sun/nio/fs/WindowsException'{0x00000000884fde78}> (0x00000000884fde78) 
thrown [s\src\hotspot\share\prims\jni.cpp, line 520]
Event: 27.689 Thread 0x000001d868b9e6d0 Exception <a 'sun/nio/fs/WindowsException'{0x00000000884fe9a8}> (0x00000000884fe9a8) 
thrown [s\src\hotspot\share\prims\jni.cpp, line 520]
Event: 27.691 Thread 0x000001d868b9e6d0 Exception <a 'sun/nio/fs/WindowsException'{0x000000008831f5c8}> (0x000000008831f5c8) 
thrown [s\src\hotspot\share\prims\jni.cpp, line 520]
Event: 27.691 Thread 0x000001d868b9e6d0 Exception <a 'sun/nio/fs/WindowsException'{0x0000000088320040}> (0x0000000088320040) 
thrown [s\src\hotspot\share\prims\jni.cpp, line 520]
Event: 27.691 Thread 0x000001d868b9e6d0 Exception <a 'sun/nio/fs/WindowsException'{0x0000000088320b70}> (0x0000000088320b70) 
thrown [s\src\hotspot\share\prims\jni.cpp, line 520]
Event: 27.697 Thread 0x000001d868b9e6d0 Exception <a 'sun/nio/fs/WindowsException'{0x00000000883ff360}> (0x00000000883ff360) 
thrown [s\src\hotspot\share\prims\jni.cpp, line 520]
Event: 27.700 Thread 0x000001d868b9e6d0 Exception <a 'sun/nio/fs/WindowsException'{0x0000000088218460}> (0x0000000088218460) 
thrown [s\src\hotspot\share\prims\jni.cpp, line 520]
Event: 27.706 Thread 0x000001d868b9e6d0 Exception <a 'sun/nio/fs/WindowsException'{0x0000000088232ab8}> (0x0000000088232ab8) 
thrown [s\src\hotspot\share\prims\jni.cpp, line 520]
Event: 27.706 Thread 0x000001d868b9e6d0 Exception <a 'sun/nio/fs/WindowsException'{0x0000000088233278}> (0x0000000088233278) 
thrown [s\src\hotspot\share\prims\jni.cpp, line 520]
Event: 27.706 Thread 0x000001d868b9e6d0 Exception <a 'sun/nio/fs/WindowsException'{0x0000000088233848}> (0x0000000088233848) 
thrown [s\src\hotspot\share\prims\jni.cpp, line 520]
Event: 27.706 Thread 0x000001d868b9e6d0 Exception <a 'sun/nio/fs/WindowsException'{0x0000000088233fc0}> (0x0000000088233fc0) 
thrown [s\src\hotspot\share\prims\jni.cpp, line 520]
Event: 27.706 Thread 0x000001d868b9e6d0 Exception <a 'sun/nio/fs/WindowsException'{0x0000000088234720}> (0x0000000088234720) 
thrown [s\src\hotspot\share\prims\jni.cpp, line 520]

ZGC Phase Switch (0 events):
No events

VM Operations (20 events):
Event: 25.636 Executing VM operation: HandshakeAllThreads (Deoptimize)
Event: 25.636 Executing VM operation: HandshakeAllThreads (Deoptimize) done
Event: 25.757 Executing VM operation: ICBufferFull
Event: 25.757 Executing VM operation: ICBufferFull done
Event: 25.799 Executing VM operation: HandshakeAllThreads (Deoptimize)
Event: 25.799 Executing VM operation: HandshakeAllThreads (Deoptimize) done
Event: 26.008 Executing VM operation: ICBufferFull
Event: 26.008 Executing VM operation: ICBufferFull done
Event: 26.019 Executing VM operation: G1TryInitiateConcMark (G1 Humongous Allocation)
Event: 26.030 Executing VM operation: G1TryInitiateConcMark (G1 Humongous Allocation) done
Event: 26.178 Executing VM operation: G1PauseRemark
Event: 26.192 Executing VM operation: G1PauseRemark done
Event: 26.271 Executing VM operation: G1PauseCleanup
Event: 26.271 Executing VM operation: G1PauseCleanup done
Event: 26.979 Executing VM operation: G1CollectForAllocation (G1 Evacuation Pause)
Event: 27.007 Executing VM operation: G1CollectForAllocation (G1 Evacuation Pause) done
Event: 28.016 Executing VM operation: Cleanup
Event: 28.016 Executing VM operation: Cleanup done
Event: 31.043 Executing VM operation: Cleanup
Event: 31.043 Executing VM operation: Cleanup done

Memory protections (0 events):
No events

Nmethod flushes (20 events):
Event: 26.190 Thread 0x000001d875ec9500 flushing  nmethod 0x000001d80099ae10
Event: 26.190 Thread 0x000001d875ec9500 flushing  nmethod 0x000001d80099b590
Event: 26.190 Thread 0x000001d875ec9500 flushing  nmethod 0x000001d80099b910
Event: 26.190 Thread 0x000001d875ec9500 flushing  nmethod 0x000001d80099c590
Event: 26.190 Thread 0x000001d875ec9500 flushing  nmethod 0x000001d80099ca10
Event: 26.190 Thread 0x000001d875ec9500 flushing  nmethod 0x000001d8009b4610
Event: 26.190 Thread 0x000001d875ec9500 flushing  nmethod 0x000001d8009b7710
Event: 26.190 Thread 0x000001d875ec9500 flushing  nmethod 0x000001d8009b8290
Event: 26.190 Thread 0x000001d875ec9500 flushing  nmethod 0x000001d8009baa90
Event: 26.190 Thread 0x000001d875ec9500 flushing  nmethod 0x000001d8009bae90
Event: 26.190 Thread 0x000001d875ec9500 flushing  nmethod 0x000001d8009c3490
Event: 26.190 Thread 0x000001d875ec9500 flushing  nmethod 0x000001d8009c7210
Event: 26.190 Thread 0x000001d875ec9500 flushing  nmethod 0x000001d800a12a10
Event: 26.190 Thread 0x000001d875ec9500 flushing  nmethod 0x000001d800a12e90
Event: 26.190 Thread 0x000001d875ec9500 flushing  nmethod 0x000001d800a73c90
Event: 26.190 Thread 0x000001d875ec9500 flushing  nmethod 0x000001d800afdf90
Event: 26.190 Thread 0x000001d875ec9500 flushing  nmethod 0x000001d800b53810
Event: 26.190 Thread 0x000001d875ec9500 flushing  nmethod 0x000001d800ba3510
Event: 26.190 Thread 0x000001d875ec9500 flushing  nmethod 0x000001d800bb3790
Event: 26.190 Thread 0x000001d875ec9500 flushing  nmethod 0x000001d800bb5110

Events (20 events):
Event: 19.755 Thread 0x000001d87b949770 Thread exited: 0x000001d87b949770
Event: 19.755 Thread 0x000001d87b94a450 Thread exited: 0x000001d87b94a450
Event: 19.759 Thread 0x000001d87b949de0 Thread exited: 0x000001d87b949de0
Event: 19.772 Thread 0x000001d87b947110 Thread exited: 0x000001d87b947110
Event: 19.773 Thread 0x000001d87bd56430 Thread exited: 0x000001d87bd56430
Event: 20.705 Thread 0x000001d868b9e6d0 Thread added: 0x000001d87c043a10
Event: 20.705 Thread 0x000001d868b9e6d0 Thread added: 0x000001d87c0e5340
Event: 20.707 Thread 0x000001d868b9e6d0 Thread added: 0x000001d87a7b3350
Event: 20.707 Thread 0x000001d868b9e6d0 Thread added: 0x000001d87c0b3330
Event: 20.911 Thread 0x000001d87a7b3350 Thread exited: 0x000001d87a7b3350
Event: 20.911 Thread 0x000001d87c0b3330 Thread exited: 0x000001d87c0b3330
Event: 20.911 Thread 0x000001d87c0e5340 Thread exited: 0x000001d87c0e5340
Event: 20.911 Thread 0x000001d87c043a10 Thread exited: 0x000001d87c043a10
Event: 21.777 Thread 0x000001d87b2b5c40 Thread exited: 0x000001d87b2b5c40
Event: 27.862 Thread 0x000001d868b9e6d0 Thread added: 0x000001d87a52de30
Event: 27.862 Thread 0x000001d868b9e6d0 Thread added: 0x000001d87ba130d0
Event: 27.916 Thread 0x000001d868b9e6d0 Thread added: 0x000001d87af94470
Event: 27.942 Thread 0x000001d868b9e6d0 Thread added: 0x000001d87bcccbc0
Event: 27.942 Thread 0x000001d868b9e6d0 Thread added: 0x000001d87bccd230
Event: 27.942 Thread 0x000001d868b9e6d0 Thread added: 0x000001d87b393f00


Dynamic libraries:
0x00007ff7d9740000 - 0x00007ff7d974e000 	C:\Users\Kadmiel\.jdks\corretto-21.0.4\bin\java.exe
0x00007fffb7450000 - 0x00007fffb7648000 	C:\Windows\SYSTEM32\ntdll.dll
0x00007fffb5950000 - 0x00007fffb5a11000 	C:\Windows\System32\KERNEL32.DLL
0x00007fffb5110000 - 0x00007fffb5406000 	C:\Windows\System32\KERNELBASE.dll
0x00007fffb4fc0000 - 0x00007fffb50c0000 	C:\Windows\System32\ucrtbase.dll
0x00007fff95870000 - 0x00007fff95888000 	C:\Users\Kadmiel\.jdks\corretto-21.0.4\bin\jli.dll
0x00007fff95650000 - 0x00007fff9566b000 	C:\Users\Kadmiel\.jdks\corretto-21.0.4\bin\VCRUNTIME140.dll
0x00007fffb5530000 - 0x00007fffb56cf000 	C:\Windows\System32\USER32.dll
0x00007fffb4f90000 - 0x00007fffb4fb2000 	C:\Windows\System32\win32u.dll
0x00007fffb5500000 - 0x00007fffb552b000 	C:\Windows\System32\GDI32.dll
0x00007fffa2070000 - 0x00007fffa230a000 	C:\Windows\WinSxS\amd64_microsoft.windows.common-controls_6595b64144ccf1df_6.0.19041.4355_none_60b8b9eb71f62e16\COMCTL32.dll
0x00007fffb4bd0000 - 0x00007fffb4ce7000 	C:\Windows\System32\gdi32full.dll
0x00007fffb4b30000 - 0x00007fffb4bcd000 	C:\Windows\System32\msvcp_win.dll
0x00007fffb5a20000 - 0x00007fffb5abe000 	C:\Windows\System32\msvcrt.dll
0x00007fffb7250000 - 0x00007fffb727f000 	C:\Windows\System32\IMM32.DLL
0x00007fffa0a60000 - 0x00007fffa0a6c000 	C:\Users\Kadmiel\.jdks\corretto-21.0.4\bin\vcruntime140_1.dll
0x00007fff6f3f0000 - 0x00007fff6f47d000 	C:\Users\Kadmiel\.jdks\corretto-21.0.4\bin\msvcp140.dll
0x00007fff63bd0000 - 0x00007fff64966000 	C:\Users\Kadmiel\.jdks\corretto-21.0.4\bin\server\jvm.dll
0x00007fffb56d0000 - 0x00007fffb5780000 	C:\Windows\System32\ADVAPI32.dll
0x00007fffb68f0000 - 0x00007fffb6990000 	C:\Windows\System32\sechost.dll
0x00007fffb72e0000 - 0x00007fffb7403000 	C:\Windows\System32\RPCRT4.dll
0x00007fffb4b00000 - 0x00007fffb4b27000 	C:\Windows\System32\bcrypt.dll
0x00007fffb6880000 - 0x00007fffb68eb000 	C:\Windows\System32\WS2_32.dll
0x00007fffb4950000 - 0x00007fffb499b000 	C:\Windows\SYSTEM32\POWRPROF.dll
0x00007fffa25e0000 - 0x00007fffa2607000 	C:\Windows\SYSTEM32\WINMM.dll
0x00007fffae820000 - 0x00007fffae82a000 	C:\Windows\SYSTEM32\VERSION.dll
0x00007fffb4930000 - 0x00007fffb4942000 	C:\Windows\SYSTEM32\UMPDC.dll
0x00007fffb32d0000 - 0x00007fffb32e2000 	C:\Windows\SYSTEM32\kernel.appcore.dll
0x00007fffa0700000 - 0x00007fffa070a000 	C:\Users\Kadmiel\.jdks\corretto-21.0.4\bin\jimage.dll
0x00007fffaf660000 - 0x00007fffaf844000 	C:\Windows\SYSTEM32\DBGHELP.DLL
0x00007fffa9350000 - 0x00007fffa9384000 	C:\Windows\SYSTEM32\dbgcore.DLL
0x00007fffb4cf0000 - 0x00007fffb4d72000 	C:\Windows\System32\bcryptPrimitives.dll
0x00007fff8b3c0000 - 0x00007fff8b3df000 	C:\Users\Kadmiel\.jdks\corretto-21.0.4\bin\java.dll
0x00007fffb5ea0000 - 0x00007fffb660c000 	C:\Windows\System32\SHELL32.dll
0x00007fffb2b20000 - 0x00007fffb32be000 	C:\Windows\SYSTEM32\windows.storage.dll
0x00007fffb6ee0000 - 0x00007fffb7233000 	C:\Windows\System32\combase.dll
0x00007fffb4370000 - 0x00007fffb439e000 	C:\Windows\SYSTEM32\Wldp.dll
0x00007fffb5c60000 - 0x00007fffb5d2d000 	C:\Windows\System32\OLEAUT32.dll
0x00007fffb67d0000 - 0x00007fffb687d000 	C:\Windows\System32\SHCORE.dll
0x00007fffb7280000 - 0x00007fffb72d5000 	C:\Windows\System32\shlwapi.dll
0x00007fffb4a30000 - 0x00007fffb4a54000 	C:\Windows\SYSTEM32\profapi.dll
0x00007fff6e9f0000 - 0x00007fff6eac7000 	C:\Users\Kadmiel\.jdks\corretto-21.0.4\bin\jsvml.dll
0x00007fffa06e0000 - 0x00007fffa06f0000 	C:\Users\Kadmiel\.jdks\corretto-21.0.4\bin\net.dll
0x00007fffa81f0000 - 0x00007fffa82fa000 	C:\Windows\SYSTEM32\WINHTTP.dll
0x00007fffb4150000 - 0x00007fffb41ba000 	C:\Windows\system32\mswsock.dll
0x00007fff9e830000 - 0x00007fff9e846000 	C:\Users\Kadmiel\.jdks\corretto-21.0.4\bin\nio.dll
0x00007fff89b70000 - 0x00007fff89b88000 	C:\Users\Kadmiel\.jdks\corretto-21.0.4\bin\zip.dll
0x0000000069ac0000 - 0x0000000069ae4000 	C:\Users\Kadmiel\.m2\wrapper\dists\apache-maven-3.8.5-bin\5i5jha092a3i37g0paqnfr15e0\apache-maven-3.8.5\lib\jansi-native\Windows\x86_64\jansi.dll
0x00007fff9ebe0000 - 0x00007fff9ebf0000 	C:\Users\Kadmiel\.jdks\corretto-21.0.4\bin\verify.dll
0x00007fffb43b0000 - 0x00007fffb43c8000 	C:\Windows\SYSTEM32\CRYPTSP.dll
0x00007fffb3a90000 - 0x00007fffb3ac4000 	C:\Windows\system32\rsaenh.dll
0x00007fffb49e0000 - 0x00007fffb4a0e000 	C:\Windows\SYSTEM32\USERENV.dll
0x00007fffb42e0000 - 0x00007fffb42ec000 	C:\Windows\SYSTEM32\CRYPTBASE.dll
0x00007fffb3e50000 - 0x00007fffb3e8b000 	C:\Windows\SYSTEM32\IPHLPAPI.DLL
0x00007fffb5940000 - 0x00007fffb5948000 	C:\Windows\System32\NSI.dll

dbghelp: loaded successfully - version: 4.0.5 - missing functions: none
symbol engine: initialized successfully - sym options: 0x614 - pdb path: .;C:\Users\Kadmiel\.jdks\corretto-21.0.4\bin;C:\Windows\SYSTEM32;C:\Windows\WinSxS\amd64_microsoft.windows.common-controls_6595b64144ccf1df_6.0.19041.4355_none_60b8b9eb71f62e16;C:\Users\Kadmiel\.jdks\corretto-21.0.4\bin\server;C:\Users\Kadmiel\.m2\wrapper\dists\apache-maven-3.8.5-bin\5i5jha092a3i37g0paqnfr15e0\apache-maven-3.8.5\lib\jansi-native\Windows\x86_64

VM Arguments:
jvm_args: -Dclassworlds.conf=C:\Users\Kadmiel\.m2\wrapper\dists\apache-maven-3.8.5-bin\5i5jha092a3i37g0paqnfr15e0\apache-maven-3.8.5\bin\m2.conf -Dmaven.home=C:\Users\Kadmiel\.m2\wrapper\dists\apache-maven-3.8.5-bin\5i5jha092a3i37g0paqnfr15e0\apache-maven-3.8.5 -Dlibrary.jansi.path=C:\Users\Kadmiel\.m2\wrapper\dists\apache-maven-3.8.5-bin\5i5jha092a3i37g0paqnfr15e0\apache-maven-3.8.5\lib\jansi-native -Dmaven.multiModuleProjectDirectory=C:\Users\Kadmiel\Downloads\TicketProjet(1)\GestionTicket 
java_command: org.codehaus.plexus.classworlds.launcher.Launcher clean package
java_class_path (initial): C:\Users\Kadmiel\.m2\wrapper\dists\apache-maven-3.8.5-bin\5i5jha092a3i37g0paqnfr15e0\apache-maven-3.8.5\boot\plexus-classworlds-2.6.0.jar
Launcher Type: SUN_STANDARD

[Global flags]
     intx CICompilerCount                          = 3                                         {product} {ergonomic}
     uint ConcGCThreads                            = 1                                         {product} {ergonomic}
     uint G1ConcRefinementThreads                  = 4                                         {product} {ergonomic}
   size_t G1HeapRegionSize                         = 1048576                                   {product} {ergonomic}
    uintx GCDrainStackTargetSize                   = 64                                        {product} {ergonomic}
   size_t InitialHeapSize                          = 134217728                                 {product} {ergonomic}
   size_t MarkStackSize                            = 4194304                                   {product} {ergonomic}
   size_t MaxHeapSize                              = 2116026368                                {product} {ergonomic}
   size_t MaxNewSize                               = 1268776960                                {product} {ergonomic}
   size_t MinHeapDeltaBytes                        = 1048576                                   {product} {ergonomic}
   size_t MinHeapSize                              = 8388608                                   {product} {ergonomic}
    uintx NonNMethodCodeHeapSize                   = 5832780                                {pd product} {ergonomic}
    uintx NonProfiledCodeHeapSize                  = 122912730                              {pd product} {ergonomic}
    uintx ProfiledCodeHeapSize                     = 122912730                              {pd product} {ergonomic}
    uintx ReservedCodeCacheSize                    = 251658240                              {pd product} {ergonomic}
     bool SegmentedCodeCache                       = true                                      {product} {ergonomic}
   size_t SoftMaxHeapSize                          = 2116026368                             {manageable} {ergonomic}
     bool UseCompressedOops                        = true                           {product lp64_product} {ergonomic}
     bool UseG1GC                                  = true                                      {product} {ergonomic}
     bool UseLargePagesIndividualAllocation        = false                                  {pd product} {ergonomic}

Logging:
Log output configuration:
 #0: stdout all=warning uptime,level,tags foldmultilines=false
 #1: stderr all=off uptime,level,tags foldmultilines=false

Environment Variables:
JAVA_HOME=C:\Users\Kadmiel\.jdks\corretto-21.0.4
PATH=C:\Program Files (x86)\VMware\VMware Workstation\bin\;C:\tools\WINDOWS.X64_193000_db_home\bin;C:\Python312\Scripts\;C:\Python312\;C:\Windows\system32;C:\Windows;C:\Windows\System32\Wbem;C:\Windows\System32\WindowsPowerShell\v1.0\;C:\Windows\System32\OpenSSH\;C:\Program Files\dotnet\;C:\Program Files (x86)\Intel\Intel(R) Management Engine Components\DAL;C:\Program Files\Intel\Intel(R) Management Engine Components\DAL;C:\Program Files\nodejs\;C:\ProgramData\chocolatey\bin;C:\Program Files\Git\cmd;C:\Users\Kadmiel\.m2\wrapper\dists\apache-maven-3.8.5-bin\5i5jha092a3i37g0paqnfr15e0\apache-maven-3.8.5\bin;C:\Users\Kadmiel\.jdks\corretto-21.0.3\bin;C:\Program Files\Docker\Docker\resources\bin;C:\Program Files\GitHub CLI\;C:\composer;C:\tools\php\php-8.3.10;C:\Users\Kadmiel\AppData\Local\Microsoft\WindowsApps;C:\Program Files\JetBrains\IntelliJ IDEA 2023.1.2\bin;;C:\Users\Kadmiel\AppData\Local\JetBrains\Toolbox\scripts;C:\Users\Kadmiel\AppData\Roaming\npm;C:\Program Files\JetBrains\WebStorm 2023.1.2\bin;;C:\Users\Kadmiel\AppData\Local\Programs\Microsoft VS Code\bin;C:\Users\Kadmiel\AppData\Roaming\Composer\vendor\bin
USERNAME=Kadmiel
OS=Windows_NT
PROCESSOR_IDENTIFIER=Intel64 Family 6 Model 142 Stepping 9, GenuineIntel
TMP=C:\Users\Kadmiel\AppData\Local\Temp
TEMP=C:\Users\Kadmiel\AppData\Local\Temp




Periodic native trim disabled

---------------  S Y S T E M  ---------------

OS:
 Windows 10 , 64 bit Build 19041 (10.0.19041.4597)
OS uptime: 8 days 4:18 hours
Hyper-V role detected

CPU: total 4 (initial active 4) (2 cores per cpu, 2 threads per core) family 6 model 142 stepping 9 microcode 0xf4, cx8, cmov, fxsr, ht, mmx, 3dnowpref, sse, sse2, sse3, ssse3, sse4.1, sse4.2, popcnt, lzcnt, tsc, tscinvbit, avx, avx2, aes, erms, clmul, bmi1, bmi2, rtm, adx, fma, vzeroupper, clflush, clflushopt, hv, rdtscp, f16c
Processor Information for all 4 processors :
  Max Mhz: 2712, Current Mhz: 2611, Mhz Limit: 2603

Memory: 4k page, system-wide physical 8067M (319M free)
TotalPageFile size 26817M (AvailPageFile size 199M)
current process WorkingSet (physical memory assigned to process): 270M, peak: 292M
current process commit charge ("private bytes"): 302M, peak: 320M

vm_info: OpenJDK 64-Bit Server VM (21.0.4+7-LTS) for windows-amd64 JRE (21.0.4+7-LTS), built on 2024-07-10T17:34:29Z by "Administrator" with MS VC++ 16.10 / 16.11 (VS2019)

END.
