#
# There is insufficient memory for the Java Runtime Environment to continue.
# Native memory allocation (malloc) failed to allocate 1168176 bytes. Error detail: Chunk::new
# Possible reasons:
#   The system is out of physical RAM or swap space
#   This process is running with CompressedOops enabled, and the Java Heap may be blocking the growth of the native heap
# Possible solutions:
#   Reduce memory load on the system
#   Increase physical memory or swap space
#   Check if swap backing store is full
#   Decrease Java heap size (-Xmx/-Xms)
#   Decrease number of Java threads
#   Decrease Java thread stack sizes (-Xss)
#   Set larger code cache with -XX:ReservedCodeCacheSize=
#   JVM is running with Unscaled Compressed Oops mode in which the Java heap is
#     placed in the first 4GB address space. The Java Heap base address is the
#     maximum limit for the native heap growth. Please use -XX:HeapBaseMinAddress
#     to set the Java Heap base and to place the Java Heap above 4GB virtual address.
# This output file may be truncated or incomplete.
#
#  Out of Memory Error (arena.cpp:168), pid=12564, tid=9084
#
# JRE version: OpenJDK Runtime Environment Corretto-21.0.4.7.1 (21.0.4+7) (build 21.0.4+7-LTS)
# Java VM: OpenJDK 64-Bit Server VM Corretto-21.0.4.7.1 (21.0.4+7-LTS, mixed mode, sharing, tiered, compressed oops, compressed class ptrs, g1 gc, windows-amd64)
# No core dump will be written. Minidumps are not enabled by default on client versions of Windows
#

---------------  S U M M A R Y ------------

Command Line: C:\Users\Kadmiel\AppData\Local\Temp\surefire5956032017305116962\surefirebooter-20240813163413986_8.jar C:\Users\Kadmiel\AppData\Local\Temp\surefire5956032017305116962 2024-08-13T16-33-57_475-jvmRun1 surefire-20240813163413986_6tmp surefire_1-20240813163413986_7tmp

Host: Intel(R) Core(TM) i5-7300U CPU @ 2.60GHz, 4 cores, 7G,  Windows 10 , 64 bit Build 19041 (10.0.19041.4597)
Time: Tue Aug 13 16:34:29 2024 E. Africa Standard Time elapsed time: 15.006794 seconds (0d 0h 0m 15s)

---------------  T H R E A D  ---------------

Current thread (0x00000165fa6655a0):  JavaThread "C2 CompilerThread0" daemon [_thread_in_native, id=9084, stack(0x0000005426f00000,0x0000005427000000) (1024K)]


Current CompileTask:
C2:  15006 4826   !   4       org.springframework.core.annotation.AnnotationsScanner::processMethodHierarchy (276 bytes)

Stack: [0x0000005426f00000,0x0000005427000000]
Native frames: (J=compiled Java code, j=interpreted, Vv=VM code, C=native code)
V  [jvm.dll+0x6d83d9]
V  [jvm.dll+0x8b39f3]
V  [jvm.dll+0x8b5d4e]
V  [jvm.dll+0x8b6433]
V  [jvm.dll+0x285816]
V  [jvm.dll+0xc608d]
V  [jvm.dll+0xc65c3]
V  [jvm.dll+0x3bf061]
V  [jvm.dll+0x1e48c4]
V  [jvm.dll+0x24de04]
V  [jvm.dll+0x24d281]
V  [jvm.dll+0x1cbda4]
V  [jvm.dll+0x25c819]
V  [jvm.dll+0x25adcb]
V  [jvm.dll+0x3f9936]
V  [jvm.dll+0x85c768]
V  [jvm.dll+0x6d6bdd]
C  [ucrtbase.dll+0x21bb2]
C  [KERNEL32.DLL+0x17374]
C  [ntdll.dll+0x4cc91]


---------------  P R O C E S S  ---------------

Threads class SMR info:
_java_thread_list=0x00000165c1f03390, length=16, elements={
0x00000165de30cc50, 0x00000165fa65b080, 0x00000165fa65caf0, 0x00000165fa6624a0,
0x00000165fa663260, 0x00000165fa6664b0, 0x00000165fa664460, 0x00000165fa6655a0,
0x00000165fa6933f0, 0x00000165fa9532c0, 0x00000165fa959f20, 0x00000165fab037d0,
0x00000165ff2ef270, 0x00000165c19a4980, 0x00000165c19a4ff0, 0x00000165ff6d1db0
}

Java Threads: ( => current thread )
  0x00000165de30cc50 JavaThread "main"                              [_thread_in_native, id=7536, stack(0x0000005426100000,0x0000005426200000) (1024K)]
  0x00000165fa65b080 JavaThread "Reference Handler"          daemon [_thread_blocked, id=20292, stack(0x0000005426900000,0x0000005426a00000) (1024K)]
  0x00000165fa65caf0 JavaThread "Finalizer"                  daemon [_thread_blocked, id=14736, stack(0x0000005426a00000,0x0000005426b00000) (1024K)]
  0x00000165fa6624a0 JavaThread "Signal Dispatcher"          daemon [_thread_blocked, id=7092, stack(0x0000005426b00000,0x0000005426c00000) (1024K)]
  0x00000165fa663260 JavaThread "Attach Listener"            daemon [_thread_blocked, id=21384, stack(0x0000005426c00000,0x0000005426d00000) (1024K)]
  0x00000165fa6664b0 JavaThread "Service Thread"             daemon [_thread_blocked, id=22640, stack(0x0000005426d00000,0x0000005426e00000) (1024K)]
  0x00000165fa664460 JavaThread "Monitor Deflation Thread"   daemon [_thread_blocked, id=21396, stack(0x0000005426e00000,0x0000005426f00000) (1024K)]
=>0x00000165fa6655a0 JavaThread "C2 CompilerThread0"         daemon [_thread_in_native, id=9084, stack(0x0000005426f00000,0x0000005427000000) (1024K)]
  0x00000165fa6933f0 JavaThread "C1 CompilerThread0"         daemon [_thread_blocked, id=18420, stack(0x0000005427000000,0x0000005427100000) (1024K)]
  0x00000165fa9532c0 JavaThread "Notification Thread"        daemon [_thread_blocked, id=23692, stack(0x0000005427100000,0x0000005427200000) (1024K)]
  0x00000165fa959f20 JavaThread "Common-Cleaner"             daemon [_thread_blocked, id=8176, stack(0x0000005427200000,0x0000005427300000) (1024K)]
  0x00000165fab037d0 JavaThread "surefire-forkedjvm-stream-flusher" daemon [_thread_blocked, id=22168, stack(0x0000005427300000,0x0000005427400000) (1024K)]
  0x00000165ff2ef270 JavaThread "surefire-forkedjvm-command-thread" daemon [_thread_in_native, id=6812, stack(0x0000005427400000,0x0000005427500000) (1024K)]
  0x00000165c19a4980 JavaThread "PostgreSQL-JDBC-Cleaner"    daemon [_thread_blocked, id=19332, stack(0x0000005427800000,0x0000005427900000) (1024K)]
  0x00000165c19a4ff0 JavaThread "HikariPool-1 housekeeper"   daemon [_thread_blocked, id=11192, stack(0x0000005427a00000,0x0000005427b00000) (1024K)]
  0x00000165ff6d1db0 JavaThread "HikariPool-1 connection adder" daemon [_thread_blocked, id=15844, stack(0x0000005427b00000,0x0000005427c00000) (1024K)]
Total: 16

Other Threads:
  0x00000165fa639ad0 VMThread "VM Thread"                           [id=18036, stack(0x0000005426800000,0x0000005426900000) (1024K)]
  0x00000165fa622490 WatcherThread "VM Periodic Task Thread"        [id=1344, stack(0x0000005426700000,0x0000005426800000) (1024K)]
  0x00000165de363f70 WorkerThread "GC Thread#0"                     [id=12332, stack(0x0000005426200000,0x0000005426300000) (1024K)]
  0x00000165ff3aa330 WorkerThread "GC Thread#1"                     [id=18364, stack(0x0000005427500000,0x0000005427600000) (1024K)]
  0x00000165ff3aa6d0 WorkerThread "GC Thread#2"                     [id=25200, stack(0x0000005427600000,0x0000005427700000) (1024K)]
  0x00000165ff45b650 WorkerThread "GC Thread#3"                     [id=1324, stack(0x0000005427700000,0x0000005427800000) (1024K)]
  0x00000165de375550 ConcurrentGCThread "G1 Main Marker"            [id=25892, stack(0x0000005426300000,0x0000005426400000) (1024K)]
  0x00000165de3767f0 WorkerThread "G1 Conc#0"                       [id=23460, stack(0x0000005426400000,0x0000005426500000) (1024K)]
  0x00000165de3de310 ConcurrentGCThread "G1 Refine#0"               [id=15628, stack(0x0000005426500000,0x0000005426600000) (1024K)]
  0x00000165fa4e80f0 ConcurrentGCThread "G1 Service"                [id=6680, stack(0x0000005426600000,0x0000005426700000) (1024K)]
Total: 10

Threads with active compile tasks:
C2 CompilerThread0    15055 4826   !   4       org.springframework.core.annotation.AnnotationsScanner::processMethodHierarchy (276 bytes)
Total: 1

VM state: not at safepoint (normal execution)

VM Mutex/Monitor currently owned by a thread: None

Heap address: 0x0000000081e00000, size: 2018 MB, Compressed Oops mode: 32-bit

CDS archive(s) mapped at: [0x0000016580000000-0x0000016580c90000-0x0000016580c90000), size 13172736, SharedBaseAddress: 0x0000016580000000, ArchiveRelocationMode: 1.
Compressed class space mapped at: 0x0000016581000000-0x00000165c1000000, reserved size: 1073741824
Narrow klass base: 0x0000016580000000, Narrow klass shift: 0, Narrow klass range: 0x100000000

GC Precious Log:
 CardTable entry size: 512
 Card Set container configuration: InlinePtr #cards 5 size 8 Array Of Cards #cards 12 size 40 Howl #buckets 4 coarsen threshold 1843 Howl Bitmap #cards 512 size 80 coarsen threshold 460 Card regions per heap region 1 cards per card region 2048
 CPUs: 4 total, 4 available
 Memory: 8067M
 Large Page Support: Disabled
 NUMA Support: Disabled
 Compressed Oops: Enabled (32-bit)
 Heap Region Size: 1M
 Heap Min Capacity: 8M
 Heap Initial Capacity: 128M
 Heap Max Capacity: 2018M
 Pre-touch: Disabled
 Parallel Workers: 4
 Concurrent Workers: 1
 Concurrent Refinement Workers: 4
 Periodic GC: Disabled

Heap:
 garbage-first heap   total 48128K, used 30146K [0x0000000081e00000, 0x0000000100000000)
  region size 1024K, 12 young (12288K), 3 survivors (3072K)
 Metaspace       used 53303K, committed 53888K, reserved 1114112K
  class space    used 7482K, committed 7744K, reserved 1048576K

Heap Regions: E=young(eden), S=young(survivor), O=old, HS=humongous(starts), HC=humongous(continues), CS=collection set, F=free, TAMS=top-at-mark-start, PB=parsable bottom
|   0|0x0000000081e00000, 0x0000000081f00000, 0x0000000081f00000|100%|HS|  |TAMS 0x0000000081e00000| PB 0x0000000081e00000| Complete 
|   1|0x0000000081f00000, 0x0000000082000000, 0x0000000082000000|100%| O|  |TAMS 0x0000000081f00000| PB 0x0000000081f00000| Untracked 
|   2|0x0000000082000000, 0x0000000082100000, 0x0000000082100000|100%| O|  |TAMS 0x0000000082000000| PB 0x0000000082000000| Untracked 
|   3|0x0000000082100000, 0x0000000082200000, 0x0000000082200000|100%| O|  |TAMS 0x0000000082100000| PB 0x0000000082100000| Untracked 
|   4|0x0000000082200000, 0x0000000082300000, 0x0000000082300000|100%| O|  |TAMS 0x0000000082200000| PB 0x0000000082200000| Untracked 
|   5|0x0000000082300000, 0x0000000082400000, 0x0000000082400000|100%| O|  |TAMS 0x0000000082300000| PB 0x0000000082300000| Untracked 
|   6|0x0000000082400000, 0x00000000824feaa0, 0x0000000082500000| 99%| O|  |TAMS 0x0000000082400000| PB 0x0000000082400000| Untracked 
|   7|0x0000000082500000, 0x0000000082600000, 0x0000000082600000|100%| O|  |TAMS 0x0000000082500000| PB 0x0000000082500000| Untracked 
|   8|0x0000000082600000, 0x0000000082700000, 0x0000000082700000|100%| O|  |TAMS 0x0000000082600000| PB 0x0000000082600000| Untracked 
|   9|0x0000000082700000, 0x0000000082800000, 0x0000000082800000|100%| O|  |TAMS 0x0000000082700000| PB 0x0000000082700000| Untracked 
|  10|0x0000000082800000, 0x0000000082900000, 0x0000000082900000|100%| O|  |TAMS 0x0000000082800000| PB 0x0000000082800000| Untracked 
|  11|0x0000000082900000, 0x0000000082a00000, 0x0000000082a00000|100%| O|  |TAMS 0x0000000082900000| PB 0x0000000082900000| Untracked 
|  12|0x0000000082a00000, 0x0000000082b00000, 0x0000000082b00000|100%| O|  |TAMS 0x0000000082a00000| PB 0x0000000082a00000| Untracked 
|  13|0x0000000082b00000, 0x0000000082c00000, 0x0000000082c00000|100%| O|  |TAMS 0x0000000082b00000| PB 0x0000000082b00000| Untracked 
|  14|0x0000000082c00000, 0x0000000082d00000, 0x0000000082d00000|100%| O|  |TAMS 0x0000000082c00000| PB 0x0000000082c00000| Untracked 
|  15|0x0000000082d00000, 0x0000000082e00000, 0x0000000082e00000|100%| O|  |TAMS 0x0000000082d00000| PB 0x0000000082d00000| Untracked 
|  16|0x0000000082e00000, 0x0000000082f00000, 0x0000000082f00000|100%| O|  |TAMS 0x0000000082e00000| PB 0x0000000082e00000| Untracked 
|  17|0x0000000082f00000, 0x0000000083000000, 0x0000000083000000|100%| O|  |TAMS 0x0000000082f00000| PB 0x0000000082f00000| Untracked 
|  18|0x0000000083000000, 0x0000000083071d80, 0x0000000083100000| 44%| O|  |TAMS 0x0000000083000000| PB 0x0000000083000000| Untracked 
|  19|0x0000000083100000, 0x0000000083100000, 0x0000000083200000|  0%| F|  |TAMS 0x0000000083100000| PB 0x0000000083100000| Untracked 
|  20|0x0000000083200000, 0x0000000083300000, 0x0000000083300000|100%| S|CS|TAMS 0x0000000083200000| PB 0x0000000083200000| Complete 
|  21|0x0000000083300000, 0x0000000083400000, 0x0000000083400000|100%| S|CS|TAMS 0x0000000083300000| PB 0x0000000083300000| Complete 
|  22|0x0000000083400000, 0x0000000083500000, 0x0000000083500000|100%| S|CS|TAMS 0x0000000083400000| PB 0x0000000083400000| Complete 
|  23|0x0000000083500000, 0x0000000083500000, 0x0000000083600000|  0%| F|  |TAMS 0x0000000083500000| PB 0x0000000083500000| Untracked 
|  24|0x0000000083600000, 0x0000000083600000, 0x0000000083700000|  0%| F|  |TAMS 0x0000000083600000| PB 0x0000000083600000| Untracked 
|  25|0x0000000083700000, 0x0000000083700000, 0x0000000083800000|  0%| F|  |TAMS 0x0000000083700000| PB 0x0000000083700000| Untracked 
|  26|0x0000000083800000, 0x0000000083800000, 0x0000000083900000|  0%| F|  |TAMS 0x0000000083800000| PB 0x0000000083800000| Untracked 
|  27|0x0000000083900000, 0x0000000083900000, 0x0000000083a00000|  0%| F|  |TAMS 0x0000000083900000| PB 0x0000000083900000| Untracked 
|  28|0x0000000083a00000, 0x0000000083a00000, 0x0000000083b00000|  0%| F|  |TAMS 0x0000000083a00000| PB 0x0000000083a00000| Untracked 
|  29|0x0000000083b00000, 0x0000000083b00000, 0x0000000083c00000|  0%| F|  |TAMS 0x0000000083b00000| PB 0x0000000083b00000| Untracked 
|  30|0x0000000083c00000, 0x0000000083c00000, 0x0000000083d00000|  0%| F|  |TAMS 0x0000000083c00000| PB 0x0000000083c00000| Untracked 
|  31|0x0000000083d00000, 0x0000000083d00000, 0x0000000083e00000|  0%| F|  |TAMS 0x0000000083d00000| PB 0x0000000083d00000| Untracked 
|  32|0x0000000083e00000, 0x0000000083e00000, 0x0000000083f00000|  0%| F|  |TAMS 0x0000000083e00000| PB 0x0000000083e00000| Untracked 
|  33|0x0000000083f00000, 0x0000000083f00000, 0x0000000084000000|  0%| F|  |TAMS 0x0000000083f00000| PB 0x0000000083f00000| Untracked 
|  34|0x0000000084000000, 0x0000000084000000, 0x0000000084100000|  0%| F|  |TAMS 0x0000000084000000| PB 0x0000000084000000| Untracked 
|  35|0x0000000084100000, 0x0000000084100000, 0x0000000084200000|  0%| F|  |TAMS 0x0000000084100000| PB 0x0000000084100000| Untracked 
|  36|0x0000000084200000, 0x0000000084200000, 0x0000000084300000|  0%| F|  |TAMS 0x0000000084200000| PB 0x0000000084200000| Untracked 
|  37|0x0000000084300000, 0x0000000084300000, 0x0000000084400000|  0%| F|  |TAMS 0x0000000084300000| PB 0x0000000084300000| Untracked 
|  38|0x0000000084400000, 0x00000000844d00b8, 0x0000000084500000| 81%| E|  |TAMS 0x0000000084400000| PB 0x0000000084400000| Complete 
|  80|0x0000000086e00000, 0x0000000086f00000, 0x0000000086f00000|100%| E|CS|TAMS 0x0000000086e00000| PB 0x0000000086e00000| Complete 
|  81|0x0000000086f00000, 0x0000000087000000, 0x0000000087000000|100%| E|CS|TAMS 0x0000000086f00000| PB 0x0000000086f00000| Complete 
|  82|0x0000000087000000, 0x0000000087100000, 0x0000000087100000|100%| E|CS|TAMS 0x0000000087000000| PB 0x0000000087000000| Complete 
|  83|0x0000000087100000, 0x0000000087200000, 0x0000000087200000|100%| E|CS|TAMS 0x0000000087100000| PB 0x0000000087100000| Complete 
|  84|0x0000000087200000, 0x0000000087300000, 0x0000000087300000|100%| E|CS|TAMS 0x0000000087200000| PB 0x0000000087200000| Complete 
|  85|0x0000000087300000, 0x0000000087400000, 0x0000000087400000|100%| E|CS|TAMS 0x0000000087300000| PB 0x0000000087300000| Complete 
|  86|0x0000000087400000, 0x0000000087500000, 0x0000000087500000|100%| E|CS|TAMS 0x0000000087400000| PB 0x0000000087400000| Complete 
| 127|0x0000000089d00000, 0x0000000089e00000, 0x0000000089e00000|100%| E|CS|TAMS 0x0000000089d00000| PB 0x0000000089d00000| Complete 

Card table byte_map: [0x00000165f5e00000,0x00000165f6200000] _byte_map_base: 0x00000165f59f1000

Marking Bits: (CMBitMap*) 0x00000165de364e80
 Bits: [0x00000165f6200000, 0x00000165f8188000)

Polling page: 0x00000165dc1b0000

Metaspace:

Usage:
  Non-class:     44.75 MB used.
      Class:      7.31 MB used.
       Both:     52.05 MB used.

Virtual space:
  Non-class space:       64.00 MB reserved,      45.06 MB ( 70%) committed,  1 nodes.
      Class space:        1.00 GB reserved,       7.56 MB ( <1%) committed,  1 nodes.
             Both:        1.06 GB reserved,      52.62 MB (  5%) committed. 

Chunk freelists:
   Non-Class:  2.95 MB
       Class:  8.45 MB
        Both:  11.40 MB

MaxMetaspaceSize: unlimited
CompressedClassSpaceSize: 1.00 GB
Initial GC threshold: 21.00 MB
Current GC threshold: 59.06 MB
CDS: on
 - commit_granule_bytes: 65536.
 - commit_granule_words: 8192.
 - virtual_space_node_default_size: 8388608.
 - enlarge_chunks_in_place: 1.
 - use_allocation_guard: 0.


Internal statistics:

num_allocs_failed_limit: 6.
num_arena_births: 816.
num_arena_deaths: 0.
num_vsnodes_births: 2.
num_vsnodes_deaths: 0.
num_space_committed: 842.
num_space_uncommitted: 0.
num_chunks_returned_to_freelist: 6.
num_chunks_taken_from_freelist: 2827.
num_chunk_merges: 3.
num_chunk_splits: 1978.
num_chunks_enlarged: 1470.
num_inconsistent_stats: 0.

CodeHeap 'non-profiled nmethods': size=120000Kb used=2425Kb max_used=2425Kb free=117574Kb
 bounds [0x00000165ee4d0000, 0x00000165ee740000, 0x00000165f5a00000]
CodeHeap 'profiled nmethods': size=120000Kb used=8438Kb max_used=8438Kb free=111562Kb
 bounds [0x00000165e6a00000, 0x00000165e7240000, 0x00000165edf30000]
CodeHeap 'non-nmethods': size=5760Kb used=1636Kb max_used=1674Kb free=4123Kb
 bounds [0x00000165edf30000, 0x00000165ee1a0000, 0x00000165ee4d0000]
 total_blobs=5141 nmethods=4459 adapters=586
 compilation: enabled
              stopped_count=0, restarted_count=0
 full_count=0

Compilation events (20 events):
Event: 14.644 Thread 0x00000165fa6933f0 4862       3       java.util.LinkedHashMap::get (29 bytes)
Event: 14.644 Thread 0x00000165fa6933f0 nmethod 4862 0x00000165e723aa90 code [0x00000165e723ac60, 0x00000165e723af20]
Event: 14.665 Thread 0x00000165fa6933f0 4863       2       java.lang.invoke.MethodHandles$Lookup::getDirectMethod (18 bytes)
Event: 14.665 Thread 0x00000165fa6933f0 nmethod 4863 0x00000165e723b010 code [0x00000165e723b1a0, 0x00000165e723b2d0]
Event: 14.674 Thread 0x00000165fa6933f0 4864       1       java.lang.Class::getClassLoader0 (5 bytes)
Event: 14.674 Thread 0x00000165fa6933f0 nmethod 4864 0x00000165ee72de10 code [0x00000165ee72dfa0, 0x00000165ee72e068]
Event: 14.674 Thread 0x00000165fa6933f0 4865       2       java.lang.invoke.LambdaFormEditor::oldSpeciesData (8 bytes)
Event: 14.674 Thread 0x00000165fa6933f0 nmethod 4865 0x00000165e723b390 code [0x00000165e723b540, 0x00000165e723b738]
Event: 14.674 Thread 0x00000165fa6933f0 4866       2       java.lang.invoke.Invokers::cachedInvoker (7 bytes)
Event: 14.674 Thread 0x00000165fa6933f0 nmethod 4866 0x00000165e723b890 code [0x00000165e723ba20, 0x00000165e723bb50]
Event: 14.676 Thread 0x00000165fa6933f0 4868       2       java.lang.invoke.Invokers::basicInvoker (103 bytes)
Event: 14.676 Thread 0x00000165fa6933f0 nmethod 4868 0x00000165e723bc10 code [0x00000165e723be40, 0x00000165e723c248]
Event: 14.678 Thread 0x00000165fa6933f0 4869       2       jdk.internal.jimage.ImageReader::requireOpen (18 bytes)
Event: 14.678 Thread 0x00000165fa6933f0 nmethod 4869 0x00000165e723c590 code [0x00000165e723c740, 0x00000165e723c910]
Event: 14.681 Thread 0x00000165fa6933f0 4870       2       java.util.jar.JarEntry::<init> (6 bytes)
Event: 14.681 Thread 0x00000165fa6933f0 nmethod 4870 0x00000165e723ca10 code [0x00000165e723cba0, 0x00000165e723ccc0]
Event: 14.682 Thread 0x00000165fa6933f0 4871       2       java.util.zip.ZipUtils::get16 (21 bytes)
Event: 14.682 Thread 0x00000165fa6933f0 nmethod 4871 0x00000165e723cd90 code [0x00000165e723cf20, 0x00000165e723d068]
Event: 14.686 Thread 0x00000165fa6933f0 4872       2       java.util.concurrent.TimeUnit::convert (73 bytes)
Event: 14.686 Thread 0x00000165fa6933f0 nmethod 4872 0x00000165e723d190 code [0x00000165e723d3a0, 0x00000165e723d648]

GC Heap History (20 events):
Event: 0.692 GC heap before
{Heap before GC invocations=0 (full 0):
 garbage-first heap   total 131072K, used 13312K [0x0000000081e00000, 0x0000000100000000)
  region size 1024K, 13 young (13312K), 0 survivors (0K)
 Metaspace       used 2913K, committed 3136K, reserved 1114112K
  class space    used 277K, committed 384K, reserved 1048576K
}
Event: 0.705 GC heap after
{Heap after GC invocations=1 (full 0):
 garbage-first heap   total 131072K, used 6960K [0x0000000081e00000, 0x0000000100000000)
  region size 1024K, 2 young (2048K), 2 survivors (2048K)
 Metaspace       used 2913K, committed 3136K, reserved 1114112K
  class space    used 277K, committed 384K, reserved 1048576K
}
Event: 1.434 GC heap before
{Heap before GC invocations=1 (full 0):
 garbage-first heap   total 131072K, used 17200K [0x0000000081e00000, 0x0000000100000000)
  region size 1024K, 12 young (12288K), 2 survivors (2048K)
 Metaspace       used 5883K, committed 6016K, reserved 1114112K
  class space    used 710K, committed 768K, reserved 1048576K
}
Event: 1.440 GC heap after
{Heap after GC invocations=2 (full 0):
 garbage-first heap   total 131072K, used 7972K [0x0000000081e00000, 0x0000000100000000)
  region size 1024K, 1 young (1024K), 1 survivors (1024K)
 Metaspace       used 5883K, committed 6016K, reserved 1114112K
  class space    used 710K, committed 768K, reserved 1048576K
}
Event: 3.911 GC heap before
{Heap before GC invocations=2 (full 0):
 garbage-first heap   total 131072K, used 40740K [0x0000000081e00000, 0x0000000100000000)
  region size 1024K, 34 young (34816K), 1 survivors (1024K)
 Metaspace       used 14949K, committed 15232K, reserved 1114112K
  class space    used 1956K, committed 2048K, reserved 1048576K
}
Event: 3.920 GC heap after
{Heap after GC invocations=3 (full 0):
 garbage-first heap   total 131072K, used 10717K [0x0000000081e00000, 0x0000000100000000)
  region size 1024K, 4 young (4096K), 4 survivors (4096K)
 Metaspace       used 14949K, committed 15232K, reserved 1114112K
  class space    used 1956K, committed 2048K, reserved 1048576K
}
Event: 5.773 GC heap before
{Heap before GC invocations=3 (full 0):
 garbage-first heap   total 131072K, used 47581K [0x0000000081e00000, 0x0000000100000000)
  region size 1024K, 41 young (41984K), 4 survivors (4096K)
 Metaspace       used 21133K, committed 21504K, reserved 1114112K
  class space    used 2788K, committed 2944K, reserved 1048576K
}
Event: 5.789 GC heap after
{Heap after GC invocations=4 (full 0):
 garbage-first heap   total 131072K, used 14032K [0x0000000081e00000, 0x0000000100000000)
  region size 1024K, 7 young (7168K), 7 survivors (7168K)
 Metaspace       used 21133K, committed 21504K, reserved 1114112K
  class space    used 2788K, committed 2944K, reserved 1048576K
}
Event: 6.921 GC heap before
{Heap before GC invocations=5 (full 0):
 garbage-first heap   total 48128K, used 35536K [0x0000000081e00000, 0x0000000100000000)
  region size 1024K, 28 young (28672K), 7 survivors (7168K)
 Metaspace       used 25830K, committed 26304K, reserved 1114112K
  class space    used 3468K, committed 3648K, reserved 1048576K
}
Event: 6.945 GC heap after
{Heap after GC invocations=6 (full 0):
 garbage-first heap   total 48128K, used 15313K [0x0000000081e00000, 0x0000000100000000)
  region size 1024K, 2 young (2048K), 2 survivors (2048K)
 Metaspace       used 25830K, committed 26304K, reserved 1114112K
  class space    used 3468K, committed 3648K, reserved 1048576K
}
Event: 8.396 GC heap before
{Heap before GC invocations=6 (full 0):
 garbage-first heap   total 48128K, used 35793K [0x0000000081e00000, 0x0000000100000000)
  region size 1024K, 23 young (23552K), 2 survivors (2048K)
 Metaspace       used 32323K, committed 32832K, reserved 1114112K
  class space    used 4381K, committed 4608K, reserved 1048576K
}
Event: 8.407 GC heap after
{Heap after GC invocations=7 (full 0):
 garbage-first heap   total 48128K, used 16961K [0x0000000081e00000, 0x0000000100000000)
  region size 1024K, 3 young (3072K), 3 survivors (3072K)
 Metaspace       used 32323K, committed 32832K, reserved 1114112K
  class space    used 4381K, committed 4608K, reserved 1048576K
}
Event: 9.130 GC heap before
{Heap before GC invocations=7 (full 0):
 garbage-first heap   total 48128K, used 28225K [0x0000000081e00000, 0x0000000100000000)
  region size 1024K, 16 young (16384K), 3 survivors (3072K)
 Metaspace       used 35652K, committed 36096K, reserved 1114112K
  class space    used 4846K, committed 5056K, reserved 1048576K
}
Event: 9.143 GC heap after
{Heap after GC invocations=8 (full 0):
 garbage-first heap   total 48128K, used 17670K [0x0000000081e00000, 0x0000000100000000)
  region size 1024K, 3 young (3072K), 3 survivors (3072K)
 Metaspace       used 35652K, committed 36096K, reserved 1114112K
  class space    used 4846K, committed 5056K, reserved 1048576K
}
Event: 12.457 GC heap before
{Heap before GC invocations=9 (full 0):
 garbage-first heap   total 48128K, used 40198K [0x0000000081e00000, 0x0000000100000000)
  region size 1024K, 25 young (25600K), 3 survivors (3072K)
 Metaspace       used 42270K, committed 42752K, reserved 1114112K
  class space    used 5779K, committed 6016K, reserved 1048576K
}
Event: 12.469 GC heap after
{Heap after GC invocations=10 (full 0):
 garbage-first heap   total 48128K, used 19452K [0x0000000081e00000, 0x0000000100000000)
  region size 1024K, 3 young (3072K), 3 survivors (3072K)
 Metaspace       used 42270K, committed 42752K, reserved 1114112K
  class space    used 5779K, committed 6016K, reserved 1048576K
}
Event: 13.504 GC heap before
{Heap before GC invocations=10 (full 0):
 garbage-first heap   total 48128K, used 39932K [0x0000000081e00000, 0x0000000100000000)
  region size 1024K, 24 young (24576K), 3 survivors (3072K)
 Metaspace       used 47595K, committed 48192K, reserved 1114112K
  class space    used 6670K, committed 6976K, reserved 1048576K
}
Event: 13.514 GC heap after
{Heap after GC invocations=11 (full 0):
 garbage-first heap   total 48128K, used 19884K [0x0000000081e00000, 0x0000000100000000)
  region size 1024K, 3 young (3072K), 3 survivors (3072K)
 Metaspace       used 47595K, committed 48192K, reserved 1114112K
  class space    used 6670K, committed 6976K, reserved 1048576K
}
Event: 14.371 GC heap before
{Heap before GC invocations=11 (full 0):
 garbage-first heap   total 48128K, used 41388K [0x0000000081e00000, 0x0000000100000000)
  region size 1024K, 24 young (24576K), 3 survivors (3072K)
 Metaspace       used 51746K, committed 52288K, reserved 1114112K
  class space    used 7235K, committed 7488K, reserved 1048576K
}
Event: 14.385 GC heap after
{Heap after GC invocations=12 (full 0):
 garbage-first heap   total 48128K, used 21954K [0x0000000081e00000, 0x0000000100000000)
  region size 1024K, 3 young (3072K), 3 survivors (3072K)
 Metaspace       used 51746K, committed 52288K, reserved 1114112K
  class space    used 7235K, committed 7488K, reserved 1048576K
}

Dll operation events (11 events):
Event: 0.011 Loaded shared library C:\Users\Kadmiel\.jdks\corretto-21.0.4\bin\java.dll
Event: 0.060 Loaded shared library C:\Users\Kadmiel\.jdks\corretto-21.0.4\bin\jsvml.dll
Event: 0.097 Loaded shared library C:\Users\Kadmiel\.jdks\corretto-21.0.4\bin\net.dll
Event: 0.100 Loaded shared library C:\Users\Kadmiel\.jdks\corretto-21.0.4\bin\nio.dll
Event: 0.105 Loaded shared library C:\Users\Kadmiel\.jdks\corretto-21.0.4\bin\zip.dll
Event: 0.217 Loaded shared library C:\Users\Kadmiel\.jdks\corretto-21.0.4\bin\management.dll
Event: 0.227 Loaded shared library C:\Users\Kadmiel\.jdks\corretto-21.0.4\bin\management_ext.dll
Event: 0.267 Loaded shared library C:\Users\Kadmiel\.jdks\corretto-21.0.4\bin\jimage.dll
Event: 7.014 Loaded shared library C:\Users\Kadmiel\.jdks\corretto-21.0.4\bin\verify.dll
Event: 7.828 Loaded shared library C:\Users\Kadmiel\.jdks\corretto-21.0.4\bin\extnet.dll
Event: 7.966 Loaded shared library C:\Users\Kadmiel\.jdks\corretto-21.0.4\bin\sunmscapi.dll

Deoptimization events (20 events):
Event: 14.627 Thread 0x00000165de30cc50 Uncommon trap: trap_request=0xffffffde fr.pc=0x00000165ee71f9e8 relative=0x00000000000027c8
Event: 14.627 Thread 0x00000165de30cc50 Uncommon trap: reason=class_check action=maybe_recompile pc=0x00000165ee71f9e8 method=org.springframework.core.annotation.AnnotationsScanner.processClassHierarchy(Ljava/lang/Object;[ILjava/lang/Class;Lorg/springframework/core/annotation/AnnotationsProcess
Event: 14.627 Thread 0x00000165de30cc50 DEOPT PACKING pc=0x00000165ee71f9e8 sp=0x00000054261fd560
Event: 14.627 Thread 0x00000165de30cc50 DEOPT UNPACKING pc=0x00000165edf846a2 sp=0x00000054261fd258 mode 2
Event: 14.629 Thread 0x00000165de30cc50 Uncommon trap: trap_request=0xffffffde fr.pc=0x00000165ee728eb0 relative=0x0000000000000ed0
Event: 14.629 Thread 0x00000165de30cc50 Uncommon trap: reason=class_check action=maybe_recompile pc=0x00000165ee728eb0 method=org.springframework.core.annotation.AnnotationsScanner.isWithoutHierarchy(Ljava/lang/reflect/AnnotatedElement;Lorg/springframework/core/annotation/MergedAnnotations$Sear
Event: 14.629 Thread 0x00000165de30cc50 DEOPT PACKING pc=0x00000165ee728eb0 sp=0x00000054261fd4c0
Event: 14.629 Thread 0x00000165de30cc50 DEOPT UNPACKING pc=0x00000165edf846a2 sp=0x00000054261fd370 mode 2
Event: 14.629 Thread 0x00000165de30cc50 Uncommon trap: trap_request=0xffffffde fr.pc=0x00000165ee71f9e8 relative=0x00000000000027c8
Event: 14.629 Thread 0x00000165de30cc50 Uncommon trap: reason=class_check action=maybe_recompile pc=0x00000165ee71f9e8 method=org.springframework.core.annotation.AnnotationsScanner.processClassHierarchy(Ljava/lang/Object;[ILjava/lang/Class;Lorg/springframework/core/annotation/AnnotationsProcess
Event: 14.629 Thread 0x00000165de30cc50 DEOPT PACKING pc=0x00000165ee71f9e8 sp=0x00000054261fd4c0
Event: 14.629 Thread 0x00000165de30cc50 DEOPT UNPACKING pc=0x00000165edf846a2 sp=0x00000054261fd1b8 mode 2
Event: 14.681 Thread 0x00000165de30cc50 Uncommon trap: trap_request=0xffffffde fr.pc=0x00000165ee6eb098 relative=0x0000000000000778
Event: 14.681 Thread 0x00000165de30cc50 Uncommon trap: reason=class_check action=maybe_recompile pc=0x00000165ee6eb098 method=java.util.zip.InflaterInputStream.read([BII)I @ 78 c2
Event: 14.681 Thread 0x00000165de30cc50 DEOPT PACKING pc=0x00000165ee6eb098 sp=0x00000054261f9f90
Event: 14.681 Thread 0x00000165de30cc50 DEOPT UNPACKING pc=0x00000165edf846a2 sp=0x00000054261f9f80 mode 2
Event: 14.681 Thread 0x00000165de30cc50 Uncommon trap: trap_request=0xffffffde fr.pc=0x00000165ee6eb098 relative=0x0000000000000778
Event: 14.681 Thread 0x00000165de30cc50 Uncommon trap: reason=class_check action=maybe_recompile pc=0x00000165ee6eb098 method=java.util.zip.InflaterInputStream.read([BII)I @ 78 c2
Event: 14.681 Thread 0x00000165de30cc50 DEOPT PACKING pc=0x00000165ee6eb098 sp=0x00000054261f9f90
Event: 14.681 Thread 0x00000165de30cc50 DEOPT UNPACKING pc=0x00000165edf846a2 sp=0x00000054261f9f80 mode 2

Classes loaded (20 events):
Event: 14.684 Loading class java/lang/ProcessImpl
Event: 14.684 Loading class java/lang/ProcessImpl done
Event: 14.692 Loading class java/lang/ProcessImpl$2
Event: 14.692 Loading class java/lang/ProcessImpl$2 done
Event: 14.693 Loading class java/lang/Process$PipeInputStream
Event: 14.693 Loading class java/lang/Process$PipeInputStream done
Event: 14.693 Loading class jdk/internal/event/ProcessStartEvent
Event: 14.693 Loading class jdk/internal/event/ProcessStartEvent done
Event: 14.693 Loading class jdk/internal/logger/LazyLoggers
Event: 14.694 Loading class jdk/internal/logger/LazyLoggers done
Event: 14.694 Loading class jdk/internal/logger/LazyLoggers$1
Event: 14.694 Loading class jdk/internal/logger/LazyLoggers$1 done
Event: 14.695 Loading class jdk/internal/logger/LazyLoggers$LazyLoggerFactories
Event: 14.695 Loading class jdk/internal/logger/LazyLoggers$LazyLoggerFactories done
Event: 14.699 Loading class jdk/internal/logger/LoggerFinderLoader
Event: 14.701 Loading class jdk/internal/logger/LoggerFinderLoader done
Event: 14.702 Loading class jdk/internal/logger/LoggerFinderLoader$TemporaryLoggerFinder
Event: 14.702 Loading class jdk/internal/logger/LoggerFinderLoader$TemporaryLoggerFinder done
Event: 14.703 Loading class sun/util/logging/internal/LoggingProviderImpl$JULWrapper
Event: 14.714 Loading class sun/util/logging/internal/LoggingProviderImpl$JULWrapper done

Classes unloaded (0 events):
No events

Classes redefined (0 events):
No events

Internal exceptions (20 events):
Event: 13.433 Thread 0x00000165de30cc50 Exception <a 'java/lang/NoSuchMethodError'{0x0000000083aeda50}: 'java.lang.Object java.lang.invoke.DirectMethodHandle$Holder.invokeSpecial(java.lang.Object, java.lang.Object, java.lang.Object, java.lang.Object, java.lang.Object, java.lang.Object, java.lang.Object, java.lang.Object, int)'> (0x0000000083aeda50) 
thrown [s\src\hotspot\share\interpreter\linkResolver.cpp, line 773]
Event: 13.433 Thread 0x00000165de30cc50 Exception <a 'java/lang/NoSuchMethodError'{0x0000000083af2278}: 'java.lang.Object java.lang.invoke.Invokers$Holder.linkToTargetMethod(java.lang.Object, java.lang.Object, java.lang.Object, java.lang.Object, java.lang.Object, java.lang.Object, int, java.lang.Object)'> (0x0000000083af2278) 
thrown [s\src\hotspot\share\interpreter\linkResolver.cpp, line 773]
Event: 13.711 Thread 0x00000165de30cc50 Exception <a 'java/lang/NoSuchMethodError'{0x00000000873a9698}: 'java.lang.Object java.lang.invoke.DirectMethodHandle$Holder.invokeSpecial(java.lang.Object, java.lang.Object, int, java.lang.Object, int)'> (0x00000000873a9698) 
thrown [s\src\hotspot\share\interpreter\linkResolver.cpp, line 773]
Event: 13.763 Thread 0x00000165de30cc50 Exception <a 'java/lang/NoSuchMethodError'{0x00000000872717f0}: 'void java.lang.invoke.Invokers$Holder.invokeExact_MT(java.lang.Object, java.lang.Object, java.lang.Object, java.lang.Object)'> (0x00000000872717f0) 
thrown [s\src\hotspot\share\interpreter\linkResolver.cpp, line 773]
Event: 13.818 Thread 0x00000165de30cc50 Exception <a 'java/lang/IncompatibleClassChangeError'{0x0000000087163ba0}: Found class java.lang.Object, but interface was expected> (0x0000000087163ba0) 
thrown [s\src\hotspot\share\interpreter\linkResolver.cpp, line 840]
Event: 13.847 Thread 0x00000165de30cc50 Exception <a 'java/lang/NoSuchMethodError'{0x0000000087040c20}: 'java.lang.Object java.lang.invoke.DirectMethodHandle$Holder.invokeVirtual(java.lang.Object, java.lang.Object, java.lang.Object, java.lang.Object, java.lang.Object, java.lang.Object)'> (0x0000000087040c20) 
thrown [s\src\hotspot\share\interpreter\linkResolver.cpp, line 773]
Event: 13.908 Thread 0x00000165de30cc50 Exception <a 'java/lang/IncompatibleClassChangeError'{0x0000000086ef4520}: Found class java.lang.Object, but interface was expected> (0x0000000086ef4520) 
thrown [s\src\hotspot\share\interpreter\linkResolver.cpp, line 840]
Event: 13.916 Thread 0x00000165de30cc50 Implicit null exception at 0x00000165ee613aeb to 0x00000165ee613d5c
Event: 13.916 Thread 0x00000165de30cc50 Implicit null exception at 0x00000165ee538a17 to 0x00000165ee538c98
Event: 13.958 Thread 0x00000165de30cc50 Exception <a 'java/lang/IncompatibleClassChangeError'{0x0000000084376a78}: Found class java.lang.Object, but interface was expected> (0x0000000084376a78) 
thrown [s\src\hotspot\share\interpreter\linkResolver.cpp, line 840]
Event: 14.010 Thread 0x00000165de30cc50 Exception <a 'java/lang/IncompatibleClassChangeError'{0x00000000842e4490}: Found class java.lang.Object, but interface was expected> (0x00000000842e4490) 
thrown [s\src\hotspot\share\interpreter\linkResolver.cpp, line 840]
Event: 14.020 Thread 0x00000165de30cc50 Exception <a 'java/lang/NoSuchMethodError'{0x0000000084129e68}: 'java.lang.Object java.lang.invoke.DirectMethodHandle$Holder.invokeSpecialIFC(java.lang.Object, java.lang.Object, java.lang.Object)'> (0x0000000084129e68) 
thrown [s\src\hotspot\share\interpreter\linkResolver.cpp, line 773]
Event: 14.244 Thread 0x00000165de30cc50 Exception <a 'java/lang/IncompatibleClassChangeError'{0x0000000083a33988}: Found class java.lang.Object, but interface was expected> (0x0000000083a33988) 
thrown [s\src\hotspot\share\interpreter\linkResolver.cpp, line 840]
Event: 14.366 Thread 0x00000165de30cc50 Exception <a 'java/lang/IncompatibleClassChangeError'{0x00000000838e3d98}: Found class java.lang.Object, but interface was expected> (0x00000000838e3d98) 
thrown [s\src\hotspot\share\interpreter\linkResolver.cpp, line 840]
Event: 14.591 Thread 0x00000165de30cc50 Exception <a 'java/lang/NoSuchMethodError'{0x0000000086f458f8}: 'void java.lang.invoke.DirectMethodHandle$Holder.invokeVirtual(java.lang.Object, java.lang.Object, long)'> (0x0000000086f458f8) 
thrown [s\src\hotspot\share\interpreter\linkResolver.cpp, line 773]
Event: 14.599 Thread 0x00000165de30cc50 Exception <a 'java/lang/NoSuchMethodError'{0x0000000086f9c778}: 'java.lang.Object java.lang.invoke.DirectMethodHandle$Holder.newInvokeSpecial(java.lang.Object, java.lang.Object, int, java.lang.Object, java.lang.Object)'> (0x0000000086f9c778) 
thrown [s\src\hotspot\share\interpreter\linkResolver.cpp, line 773]
Event: 14.665 Thread 0x00000165de30cc50 Exception <a 'java/lang/NoSuchMethodError'{0x0000000084402428}: method resolution failed> (0x0000000084402428) 
thrown [s\src\hotspot\share\prims\methodHandles.cpp, line 1144]
Event: 14.675 Thread 0x00000165de30cc50 Exception <a 'java/lang/NoSuchMethodError'{0x0000000084434470}: 'long java.lang.invoke.DirectMethodHandle$Holder.invokeInterface(java.lang.Object, java.lang.Object)'> (0x0000000084434470) 
thrown [s\src\hotspot\share\interpreter\linkResolver.cpp, line 773]
Event: 14.676 Thread 0x00000165de30cc50 Exception <a 'java/lang/NoSuchMethodError'{0x00000000844380f8}: 'long java.lang.invoke.DelegatingMethodHandle$Holder.reinvoke_L(java.lang.Object, java.lang.Object)'> (0x00000000844380f8) 
thrown [s\src\hotspot\share\interpreter\linkResolver.cpp, line 773]
Event: 14.692 Thread 0x00000165de30cc50 Exception <a 'java/lang/NoSuchMethodError'{0x000000008445f6e0}: 'void java.lang.invoke.DirectMethodHandle$Holder.invokeStatic(java.lang.Object, long)'> (0x000000008445f6e0) 
thrown [s\src\hotspot\share\interpreter\linkResolver.cpp, line 773]

ZGC Phase Switch (0 events):
No events

VM Operations (20 events):
Event: 11.248 Executing VM operation: Cleanup
Event: 11.263 Executing VM operation: Cleanup done
Event: 12.274 Executing VM operation: Cleanup
Event: 12.274 Executing VM operation: Cleanup done
Event: 12.456 Executing VM operation: G1CollectForAllocation (G1 Evacuation Pause)
Event: 12.469 Executing VM operation: G1CollectForAllocation (G1 Evacuation Pause) done
Event: 12.496 Executing VM operation: HandshakeAllThreads (Deoptimize)
Event: 12.496 Executing VM operation: HandshakeAllThreads (Deoptimize) done
Event: 13.104 Executing VM operation: ICBufferFull
Event: 13.104 Executing VM operation: ICBufferFull done
Event: 13.504 Executing VM operation: G1CollectForAllocation (G1 Evacuation Pause)
Event: 13.514 Executing VM operation: G1CollectForAllocation (G1 Evacuation Pause) done
Event: 13.928 Executing VM operation: HandshakeAllThreads (Deoptimize)
Event: 13.928 Executing VM operation: HandshakeAllThreads (Deoptimize) done
Event: 14.150 Executing VM operation: HandshakeAllThreads (Deoptimize)
Event: 14.150 Executing VM operation: HandshakeAllThreads (Deoptimize) done
Event: 14.263 Executing VM operation: HandshakeAllThreads (Deoptimize)
Event: 14.263 Executing VM operation: HandshakeAllThreads (Deoptimize) done
Event: 14.371 Executing VM operation: G1CollectForAllocation (G1 Evacuation Pause)
Event: 14.385 Executing VM operation: G1CollectForAllocation (G1 Evacuation Pause) done

Memory protections (0 events):
No events

Nmethod flushes (20 events):
Event: 9.200 Thread 0x00000165fa639ad0 flushing  nmethod 0x00000165e6e2aa90
Event: 9.200 Thread 0x00000165fa639ad0 flushing  nmethod 0x00000165e6e32590
Event: 9.200 Thread 0x00000165fa639ad0 flushing  nmethod 0x00000165e6e33990
Event: 9.200 Thread 0x00000165fa639ad0 flushing  nmethod 0x00000165e6e39510
Event: 9.200 Thread 0x00000165fa639ad0 flushing  nmethod 0x00000165e6e47e90
Event: 9.200 Thread 0x00000165fa639ad0 flushing  nmethod 0x00000165e6e4a010
Event: 9.200 Thread 0x00000165fa639ad0 flushing  nmethod 0x00000165e6e4c490
Event: 9.200 Thread 0x00000165fa639ad0 flushing  nmethod 0x00000165e6e4cd90
Event: 9.200 Thread 0x00000165fa639ad0 flushing  nmethod 0x00000165e6e62790
Event: 9.200 Thread 0x00000165fa639ad0 flushing  nmethod 0x00000165e6e65510
Event: 9.200 Thread 0x00000165fa639ad0 flushing  nmethod 0x00000165e6e6ad90
Event: 9.200 Thread 0x00000165fa639ad0 flushing  nmethod 0x00000165e6e97810
Event: 9.200 Thread 0x00000165fa639ad0 flushing  nmethod 0x00000165e6ebd090
Event: 9.200 Thread 0x00000165fa639ad0 flushing  nmethod 0x00000165e6ee6d10
Event: 9.200 Thread 0x00000165fa639ad0 flushing  nmethod 0x00000165e6f58010
Event: 9.200 Thread 0x00000165fa639ad0 flushing  nmethod 0x00000165e6f5d810
Event: 9.200 Thread 0x00000165fa639ad0 flushing  nmethod 0x00000165e6f66510
Event: 9.200 Thread 0x00000165fa639ad0 flushing  nmethod 0x00000165e6f6b210
Event: 9.200 Thread 0x00000165fa639ad0 flushing  nmethod 0x00000165e6f6d310
Event: 9.200 Thread 0x00000165fa639ad0 flushing  nmethod 0x00000165e7008d90

Events (20 events):
Event: 0.056 Thread 0x00000165de30cc50 Thread added: 0x00000165fa65caf0
Event: 0.056 Thread 0x00000165de30cc50 Thread added: 0x00000165fa6624a0
Event: 0.057 Thread 0x00000165de30cc50 Thread added: 0x00000165fa663260
Event: 0.057 Thread 0x00000165de30cc50 Thread added: 0x00000165fa6664b0
Event: 0.057 Thread 0x00000165de30cc50 Thread added: 0x00000165fa664460
Event: 0.057 Thread 0x00000165de30cc50 Thread added: 0x00000165fa6655a0
Event: 0.057 Thread 0x00000165de30cc50 Thread added: 0x00000165fa6933f0
Event: 0.090 Thread 0x00000165de30cc50 Thread added: 0x00000165fa9532c0
Event: 0.092 Thread 0x00000165de30cc50 Thread added: 0x00000165fa959f20
Event: 0.416 Thread 0x00000165de30cc50 Thread added: 0x00000165fab037d0
Event: 0.435 Thread 0x00000165de30cc50 Thread added: 0x00000165ff2ef270
Event: 3.745 Thread 0x00000165de30cc50 Thread added: 0x00000165c1554c10
Event: 3.755 Thread 0x00000165c1554c10 Thread exited: 0x00000165c1554c10
Event: 4.238 Thread 0x00000165de30cc50 Thread added: 0x00000165c1554c10
Event: 4.295 Thread 0x00000165c1554c10 Thread exited: 0x00000165c1554c10
Event: 6.013 Thread 0x00000165fa6655a0 Thread added: 0x00000165c1065840
Event: 7.895 Thread 0x00000165c1065840 Thread exited: 0x00000165c1065840
Event: 8.270 Thread 0x00000165de30cc50 Thread added: 0x00000165c19a4980
Event: 8.299 Thread 0x00000165de30cc50 Thread added: 0x00000165c19a4ff0
Event: 8.408 Thread 0x00000165c19a4ff0 Thread added: 0x00000165ff6d1db0


Dynamic libraries:
0x00007ff7d9740000 - 0x00007ff7d974e000 	C:\Users\Kadmiel\.jdks\corretto-21.0.4\bin\java.exe
0x00007fffb7450000 - 0x00007fffb7648000 	C:\Windows\SYSTEM32\ntdll.dll
0x00007fffb5950000 - 0x00007fffb5a11000 	C:\Windows\System32\KERNEL32.DLL
0x00007fffb5110000 - 0x00007fffb5406000 	C:\Windows\System32\KERNELBASE.dll
0x00007fffb4fc0000 - 0x00007fffb50c0000 	C:\Windows\System32\ucrtbase.dll
0x00007fff95870000 - 0x00007fff95888000 	C:\Users\Kadmiel\.jdks\corretto-21.0.4\bin\jli.dll
0x00007fff95650000 - 0x00007fff9566b000 	C:\Users\Kadmiel\.jdks\corretto-21.0.4\bin\VCRUNTIME140.dll
0x00007fffb5530000 - 0x00007fffb56cf000 	C:\Windows\System32\USER32.dll
0x00007fffa2070000 - 0x00007fffa230a000 	C:\Windows\WinSxS\amd64_microsoft.windows.common-controls_6595b64144ccf1df_6.0.19041.4355_none_60b8b9eb71f62e16\COMCTL32.dll
0x00007fffb4f90000 - 0x00007fffb4fb2000 	C:\Windows\System32\win32u.dll
0x00007fffb5a20000 - 0x00007fffb5abe000 	C:\Windows\System32\msvcrt.dll
0x00007fffb5500000 - 0x00007fffb552b000 	C:\Windows\System32\GDI32.dll
0x00007fffb4bd0000 - 0x00007fffb4ce7000 	C:\Windows\System32\gdi32full.dll
0x00007fffb4b30000 - 0x00007fffb4bcd000 	C:\Windows\System32\msvcp_win.dll
0x00007fffb7250000 - 0x00007fffb727f000 	C:\Windows\System32\IMM32.DLL
0x00007fffa0a60000 - 0x00007fffa0a6c000 	C:\Users\Kadmiel\.jdks\corretto-21.0.4\bin\vcruntime140_1.dll
0x00007fff6f3f0000 - 0x00007fff6f47d000 	C:\Users\Kadmiel\.jdks\corretto-21.0.4\bin\msvcp140.dll
0x00007fff63bd0000 - 0x00007fff64966000 	C:\Users\Kadmiel\.jdks\corretto-21.0.4\bin\server\jvm.dll
0x00007fffb56d0000 - 0x00007fffb5780000 	C:\Windows\System32\ADVAPI32.dll
0x00007fffb68f0000 - 0x00007fffb6990000 	C:\Windows\System32\sechost.dll
0x00007fffb72e0000 - 0x00007fffb7403000 	C:\Windows\System32\RPCRT4.dll
0x00007fffb4b00000 - 0x00007fffb4b27000 	C:\Windows\System32\bcrypt.dll
0x00007fffb6880000 - 0x00007fffb68eb000 	C:\Windows\System32\WS2_32.dll
0x00007fffb4950000 - 0x00007fffb499b000 	C:\Windows\SYSTEM32\POWRPROF.dll
0x00007fffa25e0000 - 0x00007fffa2607000 	C:\Windows\SYSTEM32\WINMM.dll
0x00007fffae820000 - 0x00007fffae82a000 	C:\Windows\SYSTEM32\VERSION.dll
0x00007fffb4930000 - 0x00007fffb4942000 	C:\Windows\SYSTEM32\UMPDC.dll
0x00007fffb32d0000 - 0x00007fffb32e2000 	C:\Windows\SYSTEM32\kernel.appcore.dll
0x00007fffa0700000 - 0x00007fffa070a000 	C:\Users\Kadmiel\.jdks\corretto-21.0.4\bin\jimage.dll
0x00007fffaf660000 - 0x00007fffaf844000 	C:\Windows\SYSTEM32\DBGHELP.DLL
0x00007fffa9350000 - 0x00007fffa9384000 	C:\Windows\SYSTEM32\dbgcore.DLL
0x00007fffb4cf0000 - 0x00007fffb4d72000 	C:\Windows\System32\bcryptPrimitives.dll
0x00007fff8b3c0000 - 0x00007fff8b3df000 	C:\Users\Kadmiel\.jdks\corretto-21.0.4\bin\java.dll
0x00007fffb5ea0000 - 0x00007fffb660c000 	C:\Windows\System32\SHELL32.dll
0x00007fffb2b20000 - 0x00007fffb32be000 	C:\Windows\SYSTEM32\windows.storage.dll
0x00007fffb6ee0000 - 0x00007fffb7233000 	C:\Windows\System32\combase.dll
0x00007fffb4370000 - 0x00007fffb439e000 	C:\Windows\SYSTEM32\Wldp.dll
0x00007fffb5c60000 - 0x00007fffb5d2d000 	C:\Windows\System32\OLEAUT32.dll
0x00007fffb67d0000 - 0x00007fffb687d000 	C:\Windows\System32\SHCORE.dll
0x00007fffb7280000 - 0x00007fffb72d5000 	C:\Windows\System32\shlwapi.dll
0x00007fffb4a30000 - 0x00007fffb4a54000 	C:\Windows\SYSTEM32\profapi.dll
0x00007fff6e9f0000 - 0x00007fff6eac7000 	C:\Users\Kadmiel\.jdks\corretto-21.0.4\bin\jsvml.dll
0x00007fffa06e0000 - 0x00007fffa06f0000 	C:\Users\Kadmiel\.jdks\corretto-21.0.4\bin\net.dll
0x00007fffa81f0000 - 0x00007fffa82fa000 	C:\Windows\SYSTEM32\WINHTTP.dll
0x00007fffb4150000 - 0x00007fffb41ba000 	C:\Windows\system32\mswsock.dll
0x00007fff9e830000 - 0x00007fff9e846000 	C:\Users\Kadmiel\.jdks\corretto-21.0.4\bin\nio.dll
0x00007fff89b70000 - 0x00007fff89b88000 	C:\Users\Kadmiel\.jdks\corretto-21.0.4\bin\zip.dll
0x00007fffad0c0000 - 0x00007fffad0c9000 	C:\Users\Kadmiel\.jdks\corretto-21.0.4\bin\management.dll
0x00007fff9fdc0000 - 0x00007fff9fdcb000 	C:\Users\Kadmiel\.jdks\corretto-21.0.4\bin\management_ext.dll
0x00007fffb7240000 - 0x00007fffb7248000 	C:\Windows\System32\PSAPI.DLL
0x00007fffb43b0000 - 0x00007fffb43c8000 	C:\Windows\SYSTEM32\CRYPTSP.dll
0x00007fffb3a90000 - 0x00007fffb3ac4000 	C:\Windows\system32\rsaenh.dll
0x00007fffb49e0000 - 0x00007fffb4a0e000 	C:\Windows\SYSTEM32\USERENV.dll
0x00007fffb42e0000 - 0x00007fffb42ec000 	C:\Windows\SYSTEM32\CRYPTBASE.dll
0x00007fffb3e50000 - 0x00007fffb3e8b000 	C:\Windows\SYSTEM32\IPHLPAPI.DLL
0x00007fffb5940000 - 0x00007fffb5948000 	C:\Windows\System32\NSI.dll
0x00007fff9ebe0000 - 0x00007fff9ebf0000 	C:\Users\Kadmiel\.jdks\corretto-21.0.4\bin\verify.dll
0x00007fffb3e90000 - 0x00007fffb3f5a000 	C:\Windows\SYSTEM32\DNSAPI.dll
0x00007fffa2a00000 - 0x00007fffa2a0a000 	C:\Windows\System32\rasadhlp.dll
0x00007fffa2900000 - 0x00007fffa2980000 	C:\Windows\System32\fwpuclnt.dll
0x00007fff9fe80000 - 0x00007fff9fe89000 	C:\Users\Kadmiel\.jdks\corretto-21.0.4\bin\extnet.dll
0x00007fff9fd20000 - 0x00007fff9fd2e000 	C:\Users\Kadmiel\.jdks\corretto-21.0.4\bin\sunmscapi.dll
0x00007fffb4e30000 - 0x00007fffb4f8e000 	C:\Windows\System32\CRYPT32.dll
0x00007fffb4520000 - 0x00007fffb4549000 	C:\Windows\SYSTEM32\ncrypt.dll
0x00007fffb44e0000 - 0x00007fffb451b000 	C:\Windows\SYSTEM32\NTASN1.dll

dbghelp: loaded successfully - version: 4.0.5 - missing functions: none
symbol engine: initialized successfully - sym options: 0x614 - pdb path: .;C:\Users\Kadmiel\.jdks\corretto-21.0.4\bin;C:\Windows\SYSTEM32;C:\Windows\WinSxS\amd64_microsoft.windows.common-controls_6595b64144ccf1df_6.0.19041.4355_none_60b8b9eb71f62e16;C:\Users\Kadmiel\.jdks\corretto-21.0.4\bin\server

VM Arguments:
java_command: C:\Users\Kadmiel\AppData\Local\Temp\surefire5956032017305116962\surefirebooter-20240813163413986_8.jar C:\Users\Kadmiel\AppData\Local\Temp\surefire5956032017305116962 2024-08-13T16-33-57_475-jvmRun1 surefire-20240813163413986_6tmp surefire_1-20240813163413986_7tmp
java_class_path (initial): C:\Users\Kadmiel\AppData\Local\Temp\surefire5956032017305116962\surefirebooter-20240813163413986_8.jar
Launcher Type: SUN_STANDARD

[Global flags]
     intx CICompilerCount                          = 3                                         {product} {ergonomic}
     uint ConcGCThreads                            = 1                                         {product} {ergonomic}
     uint G1ConcRefinementThreads                  = 4                                         {product} {ergonomic}
   size_t G1HeapRegionSize                         = 1048576                                   {product} {ergonomic}
    uintx GCDrainStackTargetSize                   = 64                                        {product} {ergonomic}
   size_t InitialHeapSize                          = 134217728                                 {product} {ergonomic}
   size_t MarkStackSize                            = 4194304                                   {product} {ergonomic}
   size_t MaxHeapSize                              = 2116026368                                {product} {ergonomic}
   size_t MaxNewSize                               = 1268776960                                {product} {ergonomic}
   size_t MinHeapDeltaBytes                        = 1048576                                   {product} {ergonomic}
   size_t MinHeapSize                              = 8388608                                   {product} {ergonomic}
    uintx NonNMethodCodeHeapSize                   = 5832780                                {pd product} {ergonomic}
    uintx NonProfiledCodeHeapSize                  = 122912730                              {pd product} {ergonomic}
    uintx ProfiledCodeHeapSize                     = 122912730                              {pd product} {ergonomic}
    uintx ReservedCodeCacheSize                    = 251658240                              {pd product} {ergonomic}
     bool SegmentedCodeCache                       = true                                      {product} {ergonomic}
   size_t SoftMaxHeapSize                          = 2116026368                             {manageable} {ergonomic}
     bool UseCompressedOops                        = true                           {product lp64_product} {ergonomic}
     bool UseG1GC                                  = true                                      {product} {ergonomic}
     bool UseLargePagesIndividualAllocation        = false                                  {pd product} {ergonomic}

Logging:
Log output configuration:
 #0: stdout all=warning uptime,level,tags foldmultilines=false
 #1: stderr all=off uptime,level,tags foldmultilines=false

Environment Variables:
JAVA_HOME=C:\Users\Kadmiel\.jdks\corretto-21.0.4
PATH=C:\Program Files (x86)\VMware\VMware Workstation\bin\;C:\tools\WINDOWS.X64_193000_db_home\bin;C:\Python312\Scripts\;C:\Python312\;C:\Windows\system32;C:\Windows;C:\Windows\System32\Wbem;C:\Windows\System32\WindowsPowerShell\v1.0\;C:\Windows\System32\OpenSSH\;C:\Program Files\dotnet\;C:\Program Files (x86)\Intel\Intel(R) Management Engine Components\DAL;C:\Program Files\Intel\Intel(R) Management Engine Components\DAL;C:\Program Files\nodejs\;C:\ProgramData\chocolatey\bin;C:\Program Files\Git\cmd;C:\Users\Kadmiel\.m2\wrapper\dists\apache-maven-3.8.5-bin\5i5jha092a3i37g0paqnfr15e0\apache-maven-3.8.5\bin;C:\Users\Kadmiel\.jdks\corretto-21.0.3\bin;C:\Program Files\Docker\Docker\resources\bin;C:\Program Files\GitHub CLI\;C:\composer;C:\tools\php\php-8.3.10;C:\Users\Kadmiel\AppData\Local\Microsoft\WindowsApps;C:\Program Files\JetBrains\IntelliJ IDEA 2023.1.2\bin;;C:\Users\Kadmiel\AppData\Local\JetBrains\Toolbox\scripts;C:\Users\Kadmiel\AppData\Roaming\npm;C:\Program Files\JetBrains\WebStorm 2023.1.2\bin;;C:\Users\Kadmiel\AppData\Local\Programs\Microsoft VS Code\bin;C:\Users\Kadmiel\AppData\Roaming\Composer\vendor\bin
USERNAME=Kadmiel
OS=Windows_NT
PROCESSOR_IDENTIFIER=Intel64 Family 6 Model 142 Stepping 9, GenuineIntel
TMP=C:\Users\Kadmiel\AppData\Local\Temp
TEMP=C:\Users\Kadmiel\AppData\Local\Temp




Periodic native trim disabled

---------------  S Y S T E M  ---------------

OS:
 Windows 10 , 64 bit Build 19041 (10.0.19041.4597)
OS uptime: 8 days 4:18 hours
Hyper-V role detected

CPU: total 4 (initial active 4) (2 cores per cpu, 2 threads per core) family 6 model 142 stepping 9 microcode 0xf4, cx8, cmov, fxsr, ht, mmx, 3dnowpref, sse, sse2, sse3, ssse3, sse4.1, sse4.2, popcnt, lzcnt, tsc, tscinvbit, avx, avx2, aes, erms, clmul, bmi1, bmi2, rtm, adx, fma, vzeroupper, clflush, clflushopt, hv, rdtscp, f16c
Processor Information for all 4 processors :
  Max Mhz: 2712, Current Mhz: 2611, Mhz Limit: 2603

Memory: 4k page, system-wide physical 8067M (317M free)
TotalPageFile size 26817M (AvailPageFile size 198M)
current process WorkingSet (physical memory assigned to process): 210M, peak: 212M
current process commit charge ("private bytes"): 240M, peak: 253M

vm_info: OpenJDK 64-Bit Server VM (21.0.4+7-LTS) for windows-amd64 JRE (21.0.4+7-LTS), built on 2024-07-10T17:34:29Z by "Administrator" with MS VC++ 16.10 / 16.11 (VS2019)

END.
